This file contains any messages produced by compilers while
running configure, to aid debugging if configure makes a mistake.

It was created by PLFS configure 2.0.1, which was
generated by GNU Autoconf 2.65.  Invocation command line was

  $ ./configure --enable-all-debug-flags

## --------- ##
## Platform. ##
## --------- ##

hostname = macintosh-4.newmexicoconsortium.org
uname -m = x86_64
uname -r = 11.0.0
uname -s = Darwin
uname -v = Darwin Kernel Version 11.0.0: Sat Jun 18 12:56:35 PDT 2011; root:xnu-1699.22.73~1/RELEASE_X86_64

/usr/bin/uname -p = i386
/bin/uname -X     = unknown

/bin/arch              = unknown
/usr/bin/arch -k       = unknown
/usr/convex/getsysinfo = unknown
/usr/bin/hostinfo      = Mach kernel version:
	 Darwin Kernel Version 11.0.0: Sat Jun 18 12:56:35 PDT 2011; root:xnu-1699.22.73~1/RELEASE_X86_64
Kernel configured for up to 4 processors.
2 processors are physically available.
4 processors are logically available.
Processor type: i486 (Intel 80486)
Processors active: 0 1 2 3
Primary memory available: 4.00 gigabytes
Default processor set: 105 tasks, 505 threads, 4 processors
Load average: 1.49, Mach factor: 2.51
/bin/machine           = unknown
/usr/bin/oslevel       = unknown
/bin/universe          = unknown

PATH: /opt/local/bin
PATH: /opt/local/sbin
PATH: /Library/Frameworks/Python.framework/Versions/2.6/bin
PATH: /usr/bin
PATH: /bin
PATH: /usr/sbin
PATH: /sbin
PATH: /usr/local/bin
PATH: /usr/X11/bin
PATH: /usr/texbin


## ----------- ##
## Core tests. ##
## ----------- ##

configure:2772: checking for pkg-config
configure:2790: found /opt/local/bin/pkg-config
configure:2802: result: /opt/local/bin/pkg-config
configure:2866: checking for a BSD-compatible install
configure:2934: result: /usr/bin/install -c
configure:2945: checking whether build environment is sane
configure:2995: result: yes
configure:3136: checking for a thread-safe mkdir -p
configure:3175: result: config/install-sh -c -d
configure:3188: checking for gawk
configure:3218: result: no
configure:3188: checking for mawk
configure:3218: result: no
configure:3188: checking for nawk
configure:3218: result: no
configure:3188: checking for awk
configure:3204: found /usr/bin/awk
configure:3215: result: awk
configure:3226: checking whether make sets $(MAKE)
configure:3248: result: yes
configure:3397: checking for gcc
configure:3413: found /usr/bin/gcc
configure:3424: result: gcc
configure:3653: checking for C compiler version
configure:3662: gcc --version >&5
i686-apple-darwin10-llvm-gcc-4.2 (GCC) 4.2.1 (Based on Apple Inc. build 5658) (LLVM build 2335.6)
Copyright (C) 2007 Free Software Foundation, Inc.
This is free software; see the source for copying conditions.  There is NO
warranty; not even for MERCHANTABILITY or FITNESS FOR A PARTICULAR PURPOSE.

configure:3673: $? = 0
configure:3662: gcc -v >&5
Using built-in specs.
Target: i686-apple-darwin10
Configured with: /var/tmp/llvmgcc42/llvmgcc42-2335.6~17/src/configure --disable-checking --enable-werror --prefix=/Developer/usr/llvm-gcc-4.2 --mandir=/share/man --enable-languages=c,objc,c++,obj-c++ --program-prefix=llvm- --program-transform-name=/^[cg][^.-]*$/s/$/-4.2/ --with-slibdir=/usr/lib --build=i686-apple-darwin10 --enable-llvm=/var/tmp/llvmgcc42/llvmgcc42-2335.6~17/dst-llvmCore/Developer/usr/local --program-prefix=i686-apple-darwin10- --host=x86_64-apple-darwin10 --target=i686-apple-darwin10 --with-gxx-include-dir=/usr/include/c++/4.2.1
Thread model: posix
gcc version 4.2.1 (Based on Apple Inc. build 5658) (LLVM build 2335.6)
configure:3673: $? = 0
configure:3662: gcc -V >&5
llvm-gcc-4.2: argument to `-V' is missing
configure:3673: $? = 1
configure:3662: gcc -qversion >&5
i686-apple-darwin10-llvm-gcc-4.2: no input files
configure:3673: $? = 1
configure:3693: checking whether the C compiler works
configure:3715: gcc    conftest.c  >&5
configure:3719: $? = 0
configure:3768: result: yes
configure:3771: checking for C compiler default output file name
configure:3773: result: a.out
configure:3779: checking for suffix of executables
configure:3786: gcc -o conftest    conftest.c  >&5
configure:3790: $? = 0
configure:3812: result: 
configure:3834: checking whether we are cross compiling
configure:3842: gcc -o conftest    conftest.c  >&5
configure:3846: $? = 0
configure:3853: ./conftest
configure:3857: $? = 0
configure:3872: result: no
configure:3877: checking for suffix of object files
configure:3899: gcc -c   conftest.c >&5
configure:3903: $? = 0
configure:3924: result: o
configure:3928: checking whether we are using the GNU C compiler
configure:3947: gcc -c   conftest.c >&5
configure:3947: $? = 0
configure:3956: result: yes
configure:3965: checking whether gcc accepts -g
configure:3985: gcc -c -g  conftest.c >&5
configure:3985: $? = 0
configure:4026: result: yes
configure:4043: checking for gcc option to accept ISO C89
configure:4107: gcc  -c -g -O2  conftest.c >&5
configure:4107: $? = 0
configure:4120: result: none needed
configure:4151: checking for style of include used by make
configure:4179: result: GNU
configure:4204: checking dependency style of gcc
configure:4314: result: gcc3
configure:4387: checking for g++
configure:4403: found /usr/bin/g++
configure:4414: result: g++
configure:4441: checking for C++ compiler version
configure:4450: g++ --version >&5
i686-apple-darwin10-llvm-g++-4.2 (GCC) 4.2.1 (Based on Apple Inc. build 5658) (LLVM build 2335.6)
Copyright (C) 2007 Free Software Foundation, Inc.
This is free software; see the source for copying conditions.  There is NO
warranty; not even for MERCHANTABILITY or FITNESS FOR A PARTICULAR PURPOSE.

configure:4461: $? = 0
configure:4450: g++ -v >&5
Using built-in specs.
Target: i686-apple-darwin10
Configured with: /var/tmp/llvmgcc42/llvmgcc42-2335.6~17/src/configure --disable-checking --enable-werror --prefix=/Developer/usr/llvm-gcc-4.2 --mandir=/share/man --enable-languages=c,objc,c++,obj-c++ --program-prefix=llvm- --program-transform-name=/^[cg][^.-]*$/s/$/-4.2/ --with-slibdir=/usr/lib --build=i686-apple-darwin10 --enable-llvm=/var/tmp/llvmgcc42/llvmgcc42-2335.6~17/dst-llvmCore/Developer/usr/local --program-prefix=i686-apple-darwin10- --host=x86_64-apple-darwin10 --target=i686-apple-darwin10 --with-gxx-include-dir=/usr/include/c++/4.2.1
Thread model: posix
gcc version 4.2.1 (Based on Apple Inc. build 5658) (LLVM build 2335.6)
configure:4461: $? = 0
configure:4450: g++ -V >&5
llvm-g++-4.2: argument to `-V' is missing
configure:4461: $? = 1
configure:4450: g++ -qversion >&5
i686-apple-darwin10-llvm-g++-4.2: no input files
configure:4461: $? = 1
configure:4465: checking whether we are using the GNU C++ compiler
configure:4484: g++ -c   conftest.cpp >&5
configure:4484: $? = 0
configure:4493: result: yes
configure:4502: checking whether g++ accepts -g
configure:4522: g++ -c -g  conftest.cpp >&5
configure:4522: $? = 0
configure:4563: result: yes
configure:4588: checking dependency style of g++
configure:4698: result: gcc3
configure:4718: checking how to run the C preprocessor
configure:4749: gcc -E  conftest.c
configure:4749: $? = 0
configure:4763: gcc -E  conftest.c
conftest.c:16:28: error: ac_nonexistent.h: No such file or directory
configure:4763: $? = 1
configure: failed program was:
| /* confdefs.h */
| #define PACKAGE_NAME "PLFS"
| #define PACKAGE_TARNAME "plfs"
| #define PACKAGE_VERSION "2.0.1"
| #define PACKAGE_STRING "PLFS 2.0.1"
| #define PACKAGE_BUGREPORT "plfs-devel@lists.sourceforge.net"
| #define PACKAGE_URL ""
| #define TAG_VERSION 2.0.1
| 
| #define DATA_VERSION 1.0
| 
| #define SVN_VERSION 522
| #define PACKAGE "plfs"
| #define VERSION "2.0.1"
| /* end confdefs.h.  */
| #include <ac_nonexistent.h>
configure:4788: result: gcc -E
configure:4808: gcc -E  conftest.c
configure:4808: $? = 0
configure:4822: gcc -E  conftest.c
conftest.c:16:28: error: ac_nonexistent.h: No such file or directory
configure:4822: $? = 1
configure: failed program was:
| /* confdefs.h */
| #define PACKAGE_NAME "PLFS"
| #define PACKAGE_TARNAME "plfs"
| #define PACKAGE_VERSION "2.0.1"
| #define PACKAGE_STRING "PLFS 2.0.1"
| #define PACKAGE_BUGREPORT "plfs-devel@lists.sourceforge.net"
| #define PACKAGE_URL ""
| #define TAG_VERSION 2.0.1
| 
| #define DATA_VERSION 1.0
| 
| #define SVN_VERSION 522
| #define PACKAGE "plfs"
| #define VERSION "2.0.1"
| /* end confdefs.h.  */
| #include <ac_nonexistent.h>
configure:4855: checking how to run the C++ preprocessor
configure:4882: g++ -E  conftest.cpp
configure:4882: $? = 0
configure:4896: g++ -E  conftest.cpp
conftest.cpp:16:28: error: ac_nonexistent.h: No such file or directory
configure:4896: $? = 1
configure: failed program was:
| /* confdefs.h */
| #define PACKAGE_NAME "PLFS"
| #define PACKAGE_TARNAME "plfs"
| #define PACKAGE_VERSION "2.0.1"
| #define PACKAGE_STRING "PLFS 2.0.1"
| #define PACKAGE_BUGREPORT "plfs-devel@lists.sourceforge.net"
| #define PACKAGE_URL ""
| #define TAG_VERSION 2.0.1
| 
| #define DATA_VERSION 1.0
| 
| #define SVN_VERSION 522
| #define PACKAGE "plfs"
| #define VERSION "2.0.1"
| /* end confdefs.h.  */
| #include <ac_nonexistent.h>
configure:4921: result: g++ -E
configure:4941: g++ -E  conftest.cpp
configure:4941: $? = 0
configure:4955: g++ -E  conftest.cpp
conftest.cpp:16:28: error: ac_nonexistent.h: No such file or directory
configure:4955: $? = 1
configure: failed program was:
| /* confdefs.h */
| #define PACKAGE_NAME "PLFS"
| #define PACKAGE_TARNAME "plfs"
| #define PACKAGE_VERSION "2.0.1"
| #define PACKAGE_STRING "PLFS 2.0.1"
| #define PACKAGE_BUGREPORT "plfs-devel@lists.sourceforge.net"
| #define PACKAGE_URL ""
| #define TAG_VERSION 2.0.1
| 
| #define DATA_VERSION 1.0
| 
| #define SVN_VERSION 522
| #define PACKAGE "plfs"
| #define VERSION "2.0.1"
| /* end confdefs.h.  */
| #include <ac_nonexistent.h>
configure:4984: checking whether gcc and cc understand -c and -o together
configure:5015: gcc -c conftest.c -o conftest2.o >&5
configure:5019: $? = 0
configure:5025: gcc -c conftest.c -o conftest2.o >&5
configure:5029: $? = 0
configure:5040: cc -c conftest.c >&5
configure:5044: $? = 0
configure:5052: cc -c conftest.c -o conftest2.o >&5
configure:5056: $? = 0
configure:5062: cc -c conftest.c -o conftest2.o >&5
configure:5066: $? = 0
configure:5084: result: yes
configure:5138: checking build system type
configure:5152: result: x86_64-apple-darwin11.0.0
configure:5172: checking host system type
configure:5185: result: x86_64-apple-darwin11.0.0
configure:5205: checking for a sed that does not truncate output
configure:5269: result: /usr/bin/sed
configure:5287: checking for grep that handles long lines and -e
configure:5345: result: /usr/bin/grep
configure:5350: checking for egrep
configure:5412: result: /usr/bin/grep -E
configure:5417: checking for fgrep
configure:5479: result: /usr/bin/grep -F
configure:5514: checking for ld used by gcc
configure:5581: result: /usr/llvm-gcc-4.2/libexec/gcc/i686-apple-darwin10/4.2.1/ld
configure:5588: checking if the linker (/usr/llvm-gcc-4.2/libexec/gcc/i686-apple-darwin10/4.2.1/ld) is GNU ld
configure:5603: result: no
configure:5615: checking for BSD- or MS-compatible name lister (nm)
configure:5664: result: /usr/bin/nm
configure:5782: checking the name lister (/usr/bin/nm) interface
configure:5789: gcc -c -g -O2  conftest.c >&5
configure:5792: /usr/bin/nm "conftest.o"
configure:5795: output
00000000000001a0 S _some_variable
configure:5802: result: BSD nm
configure:5805: checking whether ln -s works
configure:5809: result: yes
configure:5817: checking the maximum length of command line arguments
configure:5937: result: 196608
configure:5954: checking whether the shell understands some XSI constructs
configure:5964: result: yes
configure:5968: checking whether the shell understands "+="
configure:5974: result: yes
configure:6009: checking for /usr/llvm-gcc-4.2/libexec/gcc/i686-apple-darwin10/4.2.1/ld option to reload object files
configure:6016: result: -r
configure:6085: checking for objdump
configure:6115: result: no
configure:6144: checking how to recognize dependent libraries
configure:6340: result: pass_all
configure:6400: checking for ar
configure:6416: found /usr/bin/ar
configure:6427: result: ar
configure:6505: checking for strip
configure:6521: found /usr/bin/strip
configure:6532: result: strip
configure:6604: checking for ranlib
configure:6620: found /usr/bin/ranlib
configure:6631: result: ranlib
configure:6721: checking command to parse /usr/bin/nm output from gcc object
configure:6839: gcc -c -g -O2  conftest.c >&5
configure:6842: $? = 0
configure:6846: /usr/bin/nm conftest.o \| sed -n -e 's/^.*[	 ]\([BCDEGRST][BCDEGRST]*\)[	 ][	 ]*\([_A-Za-z][_A-Za-z0-9]*\)$/\1 \2 \2/p' \> conftest.nm
configure:6849: $? = 0
cannot find nm_test_var in conftest.nm
configure:6839: gcc -c -g -O2  conftest.c >&5
configure:6842: $? = 0
configure:6846: /usr/bin/nm conftest.o \| sed -n -e 's/^.*[	 ]\([BCDEGRST][BCDEGRST]*\)[	 ][	 ]*_\([_A-Za-z][_A-Za-z0-9]*\)$/\1 _\2 \2/p' \> conftest.nm
configure:6849: $? = 0
configure:6903: gcc -o conftest -g -O2   conftest.c conftstm.o >&5
configure:6906: $? = 0
configure:6944: result: ok
configure:7209: checking for dsymutil
configure:7225: found /usr/bin/dsymutil
configure:7236: result: dsymutil
configure:7301: checking for nmedit
configure:7317: found /usr/bin/nmedit
configure:7328: result: nmedit
configure:7393: checking for lipo
configure:7409: found /usr/bin/lipo
configure:7420: result: lipo
configure:7485: checking for otool
configure:7501: found /usr/bin/otool
configure:7512: result: otool
configure:7577: checking for otool64
configure:7607: result: no
configure:7652: checking for -single_module linker flag
gcc -g -O2  -o libconftest.dylib -dynamiclib -Wl,-single_module conftest.c
configure:7679: result: yes
configure:7681: checking for -exported_symbols_list linker flag
configure:7701: gcc -o conftest -g -O2   -Wl,-exported_symbols_list,conftest.sym conftest.c  >&5
configure:7701: $? = 0
configure:7711: result: yes
configure:7749: checking for ANSI C header files
configure:7769: gcc -c -g -O2  conftest.c >&5
configure:7769: $? = 0
configure:7842: gcc -o conftest -g -O2   conftest.c  >&5
configure:7842: $? = 0
configure:7842: ./conftest
configure:7842: $? = 0
configure:7853: result: yes
configure:7866: checking for sys/types.h
configure:7866: gcc -c -g -O2  conftest.c >&5
configure:7866: $? = 0
configure:7866: result: yes
configure:7866: checking for sys/stat.h
configure:7866: gcc -c -g -O2  conftest.c >&5
configure:7866: $? = 0
configure:7866: result: yes
configure:7866: checking for stdlib.h
configure:7866: gcc -c -g -O2  conftest.c >&5
configure:7866: $? = 0
configure:7866: result: yes
configure:7866: checking for string.h
configure:7866: gcc -c -g -O2  conftest.c >&5
configure:7866: $? = 0
configure:7866: result: yes
configure:7866: checking for memory.h
configure:7866: gcc -c -g -O2  conftest.c >&5
configure:7866: $? = 0
configure:7866: result: yes
configure:7866: checking for strings.h
configure:7866: gcc -c -g -O2  conftest.c >&5
configure:7866: $? = 0
configure:7866: result: yes
configure:7866: checking for inttypes.h
configure:7866: gcc -c -g -O2  conftest.c >&5
configure:7866: $? = 0
configure:7866: result: yes
configure:7866: checking for stdint.h
configure:7866: gcc -c -g -O2  conftest.c >&5
configure:7866: $? = 0
configure:7866: result: yes
configure:7866: checking for unistd.h
configure:7866: gcc -c -g -O2  conftest.c >&5
configure:7866: $? = 0
configure:7866: result: yes
configure:7881: checking for dlfcn.h
configure:7881: gcc -c -g -O2  conftest.c >&5
configure:7881: $? = 0
configure:7881: result: yes
configure:8006: checking for C++ compiler version
configure:8015: g++ --version >&5
i686-apple-darwin10-llvm-g++-4.2 (GCC) 4.2.1 (Based on Apple Inc. build 5658) (LLVM build 2335.6)
Copyright (C) 2007 Free Software Foundation, Inc.
This is free software; see the source for copying conditions.  There is NO
warranty; not even for MERCHANTABILITY or FITNESS FOR A PARTICULAR PURPOSE.

configure:8026: $? = 0
configure:8015: g++ -v >&5
Using built-in specs.
Target: i686-apple-darwin10
Configured with: /var/tmp/llvmgcc42/llvmgcc42-2335.6~17/src/configure --disable-checking --enable-werror --prefix=/Developer/usr/llvm-gcc-4.2 --mandir=/share/man --enable-languages=c,objc,c++,obj-c++ --program-prefix=llvm- --program-transform-name=/^[cg][^.-]*$/s/$/-4.2/ --with-slibdir=/usr/lib --build=i686-apple-darwin10 --enable-llvm=/var/tmp/llvmgcc42/llvmgcc42-2335.6~17/dst-llvmCore/Developer/usr/local --program-prefix=i686-apple-darwin10- --host=x86_64-apple-darwin10 --target=i686-apple-darwin10 --with-gxx-include-dir=/usr/include/c++/4.2.1
Thread model: posix
gcc version 4.2.1 (Based on Apple Inc. build 5658) (LLVM build 2335.6)
configure:8026: $? = 0
configure:8015: g++ -V >&5
llvm-g++-4.2: argument to `-V' is missing
configure:8026: $? = 1
configure:8015: g++ -qversion >&5
i686-apple-darwin10-llvm-g++-4.2: no input files
configure:8026: $? = 1
configure:8030: checking whether we are using the GNU C++ compiler
configure:8058: result: yes
configure:8067: checking whether g++ accepts -g
configure:8128: result: yes
configure:8153: checking dependency style of g++
configure:8263: result: gcc3
configure:8286: checking how to run the C++ preprocessor
configure:8352: result: g++ -E
configure:8372: g++ -E  conftest.cpp
configure:8372: $? = 0
configure:8386: g++ -E  conftest.cpp
conftest.cpp:27:28: error: ac_nonexistent.h: No such file or directory
configure:8386: $? = 1
configure: failed program was:
| /* confdefs.h */
| #define PACKAGE_NAME "PLFS"
| #define PACKAGE_TARNAME "plfs"
| #define PACKAGE_VERSION "2.0.1"
| #define PACKAGE_STRING "PLFS 2.0.1"
| #define PACKAGE_BUGREPORT "plfs-devel@lists.sourceforge.net"
| #define PACKAGE_URL ""
| #define TAG_VERSION 2.0.1
| 
| #define DATA_VERSION 1.0
| 
| #define SVN_VERSION 522
| #define PACKAGE "plfs"
| #define VERSION "2.0.1"
| #define STDC_HEADERS 1
| #define HAVE_SYS_TYPES_H 1
| #define HAVE_SYS_STAT_H 1
| #define HAVE_STDLIB_H 1
| #define HAVE_STRING_H 1
| #define HAVE_MEMORY_H 1
| #define HAVE_STRINGS_H 1
| #define HAVE_INTTYPES_H 1
| #define HAVE_STDINT_H 1
| #define HAVE_UNISTD_H 1
| #define HAVE_DLFCN_H 1
| /* end confdefs.h.  */
| #include <ac_nonexistent.h>
configure:8592: checking for objdir
configure:8607: result: .libs
configure:8903: checking if gcc supports -fno-rtti -fno-exceptions
configure:8921: gcc -c -g -O2  -fno-rtti -fno-exceptions conftest.c >&5
cc1: warning: command line option "-fno-rtti" is valid for C++/ObjC++ but not for C
configure:8925: $? = 0
configure:8938: result: no
configure:8958: checking for gcc option to produce PIC
configure:9230: result: -fno-common -DPIC
configure:9242: checking if gcc PIC flag -fno-common -DPIC works
configure:9260: gcc -c -g -O2  -fno-common -DPIC -DPIC conftest.c >&5
configure:9264: $? = 0
configure:9277: result: yes
configure:9301: checking if gcc static flag -static works
configure:9329: result: no
configure:9344: checking if gcc supports -c -o file.o
configure:9365: gcc -c -g -O2  -o out/conftest2.o conftest.c >&5
configure:9369: $? = 0
configure:9391: result: yes
configure:9399: checking if gcc supports -c -o file.o
configure:9446: result: yes
configure:9479: checking whether the gcc linker (/usr/llvm-gcc-4.2/libexec/gcc/i686-apple-darwin10/4.2.1/ld) supports shared libraries
configure:10465: result: yes
configure:10704: checking dynamic linker characteristics
configure:11355: result: darwin11.0.0 dyld
configure:11457: checking how to hardcode library paths into programs
configure:11482: result: immediate
configure:12002: checking whether stripping libraries is possible
configure:12016: result: yes
configure:12042: checking if libtool supports shared libraries
configure:12044: result: yes
configure:12047: checking whether to build shared libraries
configure:12068: result: yes
configure:12071: checking whether to build static libraries
configure:12075: result: yes
configure:12225: checking for ld used by g++
configure:12292: result: /usr/llvm-gcc-4.2/libexec/gcc/i686-apple-darwin10/4.2.1/ld
configure:12299: checking if the linker (/usr/llvm-gcc-4.2/libexec/gcc/i686-apple-darwin10/4.2.1/ld) is GNU ld
configure:12314: result: no
configure:12369: checking whether the g++ linker (/usr/llvm-gcc-4.2/libexec/gcc/i686-apple-darwin10/4.2.1/ld) supports shared libraries
configure:13282: result: yes
configure:13310: g++ -c -g -O2  conftest.cpp >&5
configure:13313: $? = 0
configure:13495: checking for g++ option to produce PIC
configure:13812: result: -fno-common -DPIC
configure:13821: checking if g++ PIC flag -fno-common -DPIC works
configure:13839: g++ -c -g -O2  -fno-common -DPIC -DPIC conftest.cpp >&5
configure:13843: $? = 0
configure:13856: result: yes
configure:13877: checking if g++ static flag -static works
configure:13905: result: no
configure:13917: checking if g++ supports -c -o file.o
configure:13938: g++ -c -g -O2  -o out/conftest2.o conftest.cpp >&5
configure:13942: $? = 0
configure:13964: result: yes
configure:13969: checking if g++ supports -c -o file.o
configure:14016: result: yes
configure:14046: checking whether the g++ linker (/usr/llvm-gcc-4.2/libexec/gcc/i686-apple-darwin10/4.2.1/ld) supports shared libraries
configure:14072: result: yes
configure:14209: checking dynamic linker characteristics
configure:14808: result: darwin11.0.0 dyld
configure:14859: checking how to hardcode library paths into programs
configure:14884: result: immediate
configure:14950: checking for sys/types.h
configure:14950: result: yes
configure:14950: checking sys/statvfs.h usability
configure:14950: gcc -c -g -O2  conftest.c >&5
configure:14950: $? = 0
configure:14950: result: yes
configure:14950: checking sys/statvfs.h presence
configure:14950: gcc -E  conftest.c
configure:14950: $? = 0
configure:14950: result: yes
configure:14950: checking for sys/statvfs.h
configure:14950: result: yes
configure:14950: checking fcntl.h usability
configure:14950: gcc -c -g -O2  conftest.c >&5
configure:14950: $? = 0
configure:14950: result: yes
configure:14950: checking fcntl.h presence
configure:14950: gcc -E  conftest.c
configure:14950: $? = 0
configure:14950: result: yes
configure:14950: checking for fcntl.h
configure:14950: result: yes
configure:14950: checking sys/fsuid.h usability
configure:14950: gcc -c -g -O2  conftest.c >&5
conftest.c:64:23: error: sys/fsuid.h: No such file or directory
configure:14950: $? = 1
configure: failed program was:
| /* confdefs.h */
| #define PACKAGE_NAME "PLFS"
| #define PACKAGE_TARNAME "plfs"
| #define PACKAGE_VERSION "2.0.1"
| #define PACKAGE_STRING "PLFS 2.0.1"
| #define PACKAGE_BUGREPORT "plfs-devel@lists.sourceforge.net"
| #define PACKAGE_URL ""
| #define TAG_VERSION 2.0.1
| 
| #define DATA_VERSION 1.0
| 
| #define SVN_VERSION 522
| #define PACKAGE "plfs"
| #define VERSION "2.0.1"
| #define STDC_HEADERS 1
| #define HAVE_SYS_TYPES_H 1
| #define HAVE_SYS_STAT_H 1
| #define HAVE_STDLIB_H 1
| #define HAVE_STRING_H 1
| #define HAVE_MEMORY_H 1
| #define HAVE_STRINGS_H 1
| #define HAVE_INTTYPES_H 1
| #define HAVE_STDINT_H 1
| #define HAVE_UNISTD_H 1
| #define HAVE_DLFCN_H 1
| #define LT_OBJDIR ".libs/"
| #define HAVE_SYS_TYPES_H 1
| #define HAVE_SYS_STATVFS_H 1
| #define HAVE_FCNTL_H 1
| /* end confdefs.h.  */
| #include <stdio.h>
| #ifdef HAVE_SYS_TYPES_H
| # include <sys/types.h>
| #endif
| #ifdef HAVE_SYS_STAT_H
| # include <sys/stat.h>
| #endif
| #ifdef STDC_HEADERS
| # include <stdlib.h>
| # include <stddef.h>
| #else
| # ifdef HAVE_STDLIB_H
| #  include <stdlib.h>
| # endif
| #endif
| #ifdef HAVE_STRING_H
| # if !defined STDC_HEADERS && defined HAVE_MEMORY_H
| #  include <memory.h>
| # endif
| # include <string.h>
| #endif
| #ifdef HAVE_STRINGS_H
| # include <strings.h>
| #endif
| #ifdef HAVE_INTTYPES_H
| # include <inttypes.h>
| #endif
| #ifdef HAVE_STDINT_H
| # include <stdint.h>
| #endif
| #ifdef HAVE_UNISTD_H
| # include <unistd.h>
| #endif
| #include <sys/fsuid.h>
configure:14950: result: no
configure:14950: checking sys/fsuid.h presence
configure:14950: gcc -E  conftest.c
conftest.c:31:23: error: sys/fsuid.h: No such file or directory
configure:14950: $? = 1
configure: failed program was:
| /* confdefs.h */
| #define PACKAGE_NAME "PLFS"
| #define PACKAGE_TARNAME "plfs"
| #define PACKAGE_VERSION "2.0.1"
| #define PACKAGE_STRING "PLFS 2.0.1"
| #define PACKAGE_BUGREPORT "plfs-devel@lists.sourceforge.net"
| #define PACKAGE_URL ""
| #define TAG_VERSION 2.0.1
| 
| #define DATA_VERSION 1.0
| 
| #define SVN_VERSION 522
| #define PACKAGE "plfs"
| #define VERSION "2.0.1"
| #define STDC_HEADERS 1
| #define HAVE_SYS_TYPES_H 1
| #define HAVE_SYS_STAT_H 1
| #define HAVE_STDLIB_H 1
| #define HAVE_STRING_H 1
| #define HAVE_MEMORY_H 1
| #define HAVE_STRINGS_H 1
| #define HAVE_INTTYPES_H 1
| #define HAVE_STDINT_H 1
| #define HAVE_UNISTD_H 1
| #define HAVE_DLFCN_H 1
| #define LT_OBJDIR ".libs/"
| #define HAVE_SYS_TYPES_H 1
| #define HAVE_SYS_STATVFS_H 1
| #define HAVE_FCNTL_H 1
| /* end confdefs.h.  */
| #include <sys/fsuid.h>
configure:14950: result: no
configure:14950: checking for sys/fsuid.h
configure:14950: result: no
configure:14950: checking utime.h usability
configure:14950: gcc -c -g -O2  conftest.c >&5
configure:14950: $? = 0
configure:14950: result: yes
configure:14950: checking utime.h presence
configure:14950: gcc -E  conftest.c
configure:14950: $? = 0
configure:14950: result: yes
configure:14950: checking for utime.h
configure:14950: result: yes
configure:14950: checking sys/time.h usability
configure:14950: gcc -c -g -O2  conftest.c >&5
configure:14950: $? = 0
configure:14950: result: yes
configure:14950: checking sys/time.h presence
configure:14950: gcc -E  conftest.c
configure:14950: $? = 0
configure:14950: result: yes
configure:14950: checking for sys/time.h
configure:14950: result: yes
configure:14950: checking sys/param.h usability
configure:14950: gcc -c -g -O2  conftest.c >&5
configure:14950: $? = 0
configure:14950: result: yes
configure:14950: checking sys/param.h presence
configure:14950: gcc -E  conftest.c
configure:14950: $? = 0
configure:14950: result: yes
configure:14950: checking for sys/param.h
configure:14950: result: yes
configure:14950: checking sys/mount.h usability
configure:14950: gcc -c -g -O2  conftest.c >&5
configure:14950: $? = 0
configure:14950: result: yes
configure:14950: checking sys/mount.h presence
configure:14950: gcc -E  conftest.c
configure:14950: $? = 0
configure:14950: result: yes
configure:14950: checking for sys/mount.h
configure:14950: result: yes
configure:14969: checking for gethostname
configure:14969: gcc -o conftest -g -O2   conftest.c  >&5
configure:14969: $? = 0
configure:14969: result: yes
configure:14969: checking for gethrtime
configure:14969: gcc -o conftest -g -O2   conftest.c  >&5
Undefined symbols:
  "_gethrtime", referenced from:
      _main in ccK18Kkh.o
ld: symbol(s) not found
collect2: ld returned 1 exit status
configure:14969: $? = 1
configure: failed program was:
| /* confdefs.h */
| #define PACKAGE_NAME "PLFS"
| #define PACKAGE_TARNAME "plfs"
| #define PACKAGE_VERSION "2.0.1"
| #define PACKAGE_STRING "PLFS 2.0.1"
| #define PACKAGE_BUGREPORT "plfs-devel@lists.sourceforge.net"
| #define PACKAGE_URL ""
| #define TAG_VERSION 2.0.1
| 
| #define DATA_VERSION 1.0
| 
| #define SVN_VERSION 522
| #define PACKAGE "plfs"
| #define VERSION "2.0.1"
| #define STDC_HEADERS 1
| #define HAVE_SYS_TYPES_H 1
| #define HAVE_SYS_STAT_H 1
| #define HAVE_STDLIB_H 1
| #define HAVE_STRING_H 1
| #define HAVE_MEMORY_H 1
| #define HAVE_STRINGS_H 1
| #define HAVE_INTTYPES_H 1
| #define HAVE_STDINT_H 1
| #define HAVE_UNISTD_H 1
| #define HAVE_DLFCN_H 1
| #define LT_OBJDIR ".libs/"
| #define HAVE_SYS_TYPES_H 1
| #define HAVE_SYS_STATVFS_H 1
| #define HAVE_FCNTL_H 1
| #define HAVE_UTIME_H 1
| #define HAVE_SYS_TIME_H 1
| #define HAVE_SYS_PARAM_H 1
| #define HAVE_SYS_MOUNT_H 1
| #define HAVE_GETHOSTNAME 1
| /* end confdefs.h.  */
| /* Define gethrtime to an innocuous variant, in case <limits.h> declares gethrtime.
|    For example, HP-UX 11i <limits.h> declares gettimeofday.  */
| #define gethrtime innocuous_gethrtime
| 
| /* System header to define __stub macros and hopefully few prototypes,
|     which can conflict with char gethrtime (); below.
|     Prefer <limits.h> to <assert.h> if __STDC__ is defined, since
|     <limits.h> exists even on freestanding compilers.  */
| 
| #ifdef __STDC__
| # include <limits.h>
| #else
| # include <assert.h>
| #endif
| 
| #undef gethrtime
| 
| /* Override any GCC internal prototype to avoid an error.
|    Use char because int might match the return type of a GCC
|    builtin and then its argument prototype would still apply.  */
| #ifdef __cplusplus
| extern "C"
| #endif
| char gethrtime ();
| /* The GNU C library defines this for functions which it implements
|     to always fail with ENOSYS.  Some functions are actually named
|     something starting with __ and the normal name is an alias.  */
| #if defined __stub_gethrtime || defined __stub___gethrtime
| choke me
| #endif
| 
| int
| main ()
| {
| return gethrtime ();
|   ;
|   return 0;
| }
configure:14969: result: no
configure:14969: checking for gettimeofday
configure:14969: gcc -o conftest -g -O2   conftest.c  >&5
configure:14969: $? = 0
configure:14969: result: yes
configure:14969: checking for memset
configure:14969: gcc -o conftest -g -O2   conftest.c  >&5
conftest.c:60: warning: conflicting types for built-in function 'memset'
configure:14969: $? = 0
configure:14969: result: yes
configure:14969: checking for mkdir
configure:14969: gcc -o conftest -g -O2   conftest.c  >&5
configure:14969: $? = 0
configure:14969: result: yes
configure:14969: checking for munmap
configure:14969: gcc -o conftest -g -O2   conftest.c  >&5
configure:14969: $? = 0
configure:14969: result: yes
configure:14969: checking for rmdir
configure:14969: gcc -o conftest -g -O2   conftest.c  >&5
configure:14969: $? = 0
configure:14969: result: yes
configure:14969: checking for strdup
configure:14969: gcc -o conftest -g -O2   conftest.c  >&5
conftest.c:64: warning: conflicting types for built-in function 'strdup'
configure:14969: $? = 0
configure:14969: result: yes
configure:14969: checking for strerror
configure:14969: gcc -o conftest -g -O2   conftest.c  >&5
configure:14969: $? = 0
configure:14969: result: yes
configure:14969: checking for strstr
configure:14969: gcc -o conftest -g -O2   conftest.c  >&5
conftest.c:66: warning: conflicting types for built-in function 'strstr'
configure:14969: $? = 0
configure:14969: result: yes
configure:14969: checking for utime
configure:14969: gcc -o conftest -g -O2   conftest.c  >&5
configure:14969: $? = 0
configure:14969: result: yes
configure:14969: checking for endgrent
configure:14969: gcc -o conftest -g -O2   conftest.c  >&5
configure:14969: $? = 0
configure:14969: result: yes
configure:14981: checking for int64_t
configure:14981: gcc -c -g -O2  conftest.c >&5
conftest.c: In function 'main':
conftest.c:82: error: expected ')' before ';' token
conftest.c:83: error: expected expression before ']' token
configure:14981: $? = 1
configure: failed program was:
| /* confdefs.h */
| #define PACKAGE_NAME "PLFS"
| #define PACKAGE_TARNAME "plfs"
| #define PACKAGE_VERSION "2.0.1"
| #define PACKAGE_STRING "PLFS 2.0.1"
| #define PACKAGE_BUGREPORT "plfs-devel@lists.sourceforge.net"
| #define PACKAGE_URL ""
| #define TAG_VERSION 2.0.1
| 
| #define DATA_VERSION 1.0
| 
| #define SVN_VERSION 522
| #define PACKAGE "plfs"
| #define VERSION "2.0.1"
| #define STDC_HEADERS 1
| #define HAVE_SYS_TYPES_H 1
| #define HAVE_SYS_STAT_H 1
| #define HAVE_STDLIB_H 1
| #define HAVE_STRING_H 1
| #define HAVE_MEMORY_H 1
| #define HAVE_STRINGS_H 1
| #define HAVE_INTTYPES_H 1
| #define HAVE_STDINT_H 1
| #define HAVE_UNISTD_H 1
| #define HAVE_DLFCN_H 1
| #define LT_OBJDIR ".libs/"
| #define HAVE_SYS_TYPES_H 1
| #define HAVE_SYS_STATVFS_H 1
| #define HAVE_FCNTL_H 1
| #define HAVE_UTIME_H 1
| #define HAVE_SYS_TIME_H 1
| #define HAVE_SYS_PARAM_H 1
| #define HAVE_SYS_MOUNT_H 1
| #define HAVE_GETHOSTNAME 1
| #define HAVE_GETTIMEOFDAY 1
| #define HAVE_MEMSET 1
| #define HAVE_MKDIR 1
| #define HAVE_MUNMAP 1
| #define HAVE_RMDIR 1
| #define HAVE_STRDUP 1
| #define HAVE_STRERROR 1
| #define HAVE_STRSTR 1
| #define HAVE_UTIME 1
| #define HAVE_ENDGRENT 1
| /* end confdefs.h.  */
| #include <stdio.h>
| #ifdef HAVE_SYS_TYPES_H
| # include <sys/types.h>
| #endif
| #ifdef HAVE_SYS_STAT_H
| # include <sys/stat.h>
| #endif
| #ifdef STDC_HEADERS
| # include <stdlib.h>
| # include <stddef.h>
| #else
| # ifdef HAVE_STDLIB_H
| #  include <stdlib.h>
| # endif
| #endif
| #ifdef HAVE_STRING_H
| # if !defined STDC_HEADERS && defined HAVE_MEMORY_H
| #  include <memory.h>
| # endif
| # include <string.h>
| #endif
| #ifdef HAVE_STRINGS_H
| # include <strings.h>
| #endif
| #ifdef HAVE_INTTYPES_H
| # include <inttypes.h>
| #endif
| #ifdef HAVE_STDINT_H
| # include <stdint.h>
| #endif
| #ifdef HAVE_UNISTD_H
| # include <unistd.h>
| #endif
| int
| main ()
| {
| static int test_array [1 - 2 * !(enum { N = 64 / 2 - 1 };
| 	     0 < (int64_t) (((((int64_t) 1 << N) << N) - 1) * 2 + 1))];
| test_array [0] = 0
| 
|   ;
|   return 0;
| }
configure:14981: gcc -c -g -O2  conftest.c >&5
conftest.c: In function 'main':
conftest.c:82: error: expected ')' before ';' token
conftest.c:83: error: expected expression before ']' token
configure:14981: $? = 1
configure: failed program was:
| /* confdefs.h */
| #define PACKAGE_NAME "PLFS"
| #define PACKAGE_TARNAME "plfs"
| #define PACKAGE_VERSION "2.0.1"
| #define PACKAGE_STRING "PLFS 2.0.1"
| #define PACKAGE_BUGREPORT "plfs-devel@lists.sourceforge.net"
| #define PACKAGE_URL ""
| #define TAG_VERSION 2.0.1
| 
| #define DATA_VERSION 1.0
| 
| #define SVN_VERSION 522
| #define PACKAGE "plfs"
| #define VERSION "2.0.1"
| #define STDC_HEADERS 1
| #define HAVE_SYS_TYPES_H 1
| #define HAVE_SYS_STAT_H 1
| #define HAVE_STDLIB_H 1
| #define HAVE_STRING_H 1
| #define HAVE_MEMORY_H 1
| #define HAVE_STRINGS_H 1
| #define HAVE_INTTYPES_H 1
| #define HAVE_STDINT_H 1
| #define HAVE_UNISTD_H 1
| #define HAVE_DLFCN_H 1
| #define LT_OBJDIR ".libs/"
| #define HAVE_SYS_TYPES_H 1
| #define HAVE_SYS_STATVFS_H 1
| #define HAVE_FCNTL_H 1
| #define HAVE_UTIME_H 1
| #define HAVE_SYS_TIME_H 1
| #define HAVE_SYS_PARAM_H 1
| #define HAVE_SYS_MOUNT_H 1
| #define HAVE_GETHOSTNAME 1
| #define HAVE_GETTIMEOFDAY 1
| #define HAVE_MEMSET 1
| #define HAVE_MKDIR 1
| #define HAVE_MUNMAP 1
| #define HAVE_RMDIR 1
| #define HAVE_STRDUP 1
| #define HAVE_STRERROR 1
| #define HAVE_STRSTR 1
| #define HAVE_UTIME 1
| #define HAVE_ENDGRENT 1
| /* end confdefs.h.  */
| #include <stdio.h>
| #ifdef HAVE_SYS_TYPES_H
| # include <sys/types.h>
| #endif
| #ifdef HAVE_SYS_STAT_H
| # include <sys/stat.h>
| #endif
| #ifdef STDC_HEADERS
| # include <stdlib.h>
| # include <stddef.h>
| #else
| # ifdef HAVE_STDLIB_H
| #  include <stdlib.h>
| # endif
| #endif
| #ifdef HAVE_STRING_H
| # if !defined STDC_HEADERS && defined HAVE_MEMORY_H
| #  include <memory.h>
| # endif
| # include <string.h>
| #endif
| #ifdef HAVE_STRINGS_H
| # include <strings.h>
| #endif
| #ifdef HAVE_INTTYPES_H
| # include <inttypes.h>
| #endif
| #ifdef HAVE_STDINT_H
| # include <stdint.h>
| #endif
| #ifdef HAVE_UNISTD_H
| # include <unistd.h>
| #endif
| int
| main ()
| {
| static int test_array [1 - 2 * !(enum { N = 64 / 2 - 1 };
| 	     0 < (int) (((((int) 1 << N) << N) - 1) * 2 + 1))];
| test_array [0] = 0
| 
|   ;
|   return 0;
| }
configure:14981: gcc -c -g -O2  conftest.c >&5
conftest.c: In function 'main':
conftest.c:82: error: expected ')' before ';' token
conftest.c:83: error: expected expression before ']' token
configure:14981: $? = 1
configure: failed program was:
| /* confdefs.h */
| #define PACKAGE_NAME "PLFS"
| #define PACKAGE_TARNAME "plfs"
| #define PACKAGE_VERSION "2.0.1"
| #define PACKAGE_STRING "PLFS 2.0.1"
| #define PACKAGE_BUGREPORT "plfs-devel@lists.sourceforge.net"
| #define PACKAGE_URL ""
| #define TAG_VERSION 2.0.1
| 
| #define DATA_VERSION 1.0
| 
| #define SVN_VERSION 522
| #define PACKAGE "plfs"
| #define VERSION "2.0.1"
| #define STDC_HEADERS 1
| #define HAVE_SYS_TYPES_H 1
| #define HAVE_SYS_STAT_H 1
| #define HAVE_STDLIB_H 1
| #define HAVE_STRING_H 1
| #define HAVE_MEMORY_H 1
| #define HAVE_STRINGS_H 1
| #define HAVE_INTTYPES_H 1
| #define HAVE_STDINT_H 1
| #define HAVE_UNISTD_H 1
| #define HAVE_DLFCN_H 1
| #define LT_OBJDIR ".libs/"
| #define HAVE_SYS_TYPES_H 1
| #define HAVE_SYS_STATVFS_H 1
| #define HAVE_FCNTL_H 1
| #define HAVE_UTIME_H 1
| #define HAVE_SYS_TIME_H 1
| #define HAVE_SYS_PARAM_H 1
| #define HAVE_SYS_MOUNT_H 1
| #define HAVE_GETHOSTNAME 1
| #define HAVE_GETTIMEOFDAY 1
| #define HAVE_MEMSET 1
| #define HAVE_MKDIR 1
| #define HAVE_MUNMAP 1
| #define HAVE_RMDIR 1
| #define HAVE_STRDUP 1
| #define HAVE_STRERROR 1
| #define HAVE_STRSTR 1
| #define HAVE_UTIME 1
| #define HAVE_ENDGRENT 1
| /* end confdefs.h.  */
| #include <stdio.h>
| #ifdef HAVE_SYS_TYPES_H
| # include <sys/types.h>
| #endif
| #ifdef HAVE_SYS_STAT_H
| # include <sys/stat.h>
| #endif
| #ifdef STDC_HEADERS
| # include <stdlib.h>
| # include <stddef.h>
| #else
| # ifdef HAVE_STDLIB_H
| #  include <stdlib.h>
| # endif
| #endif
| #ifdef HAVE_STRING_H
| # if !defined STDC_HEADERS && defined HAVE_MEMORY_H
| #  include <memory.h>
| # endif
| # include <string.h>
| #endif
| #ifdef HAVE_STRINGS_H
| # include <strings.h>
| #endif
| #ifdef HAVE_INTTYPES_H
| # include <inttypes.h>
| #endif
| #ifdef HAVE_STDINT_H
| # include <stdint.h>
| #endif
| #ifdef HAVE_UNISTD_H
| # include <unistd.h>
| #endif
| int
| main ()
| {
| static int test_array [1 - 2 * !(enum { N = 64 / 2 - 1 };
| 	     0 < (long int) (((((long int) 1 << N) << N) - 1) * 2 + 1))];
| test_array [0] = 0
| 
|   ;
|   return 0;
| }
configure:14981: gcc -c -g -O2  conftest.c >&5
conftest.c: In function 'main':
conftest.c:82: error: expected ')' before ';' token
conftest.c:83: error: expected expression before ']' token
configure:14981: $? = 1
configure: failed program was:
| /* confdefs.h */
| #define PACKAGE_NAME "PLFS"
| #define PACKAGE_TARNAME "plfs"
| #define PACKAGE_VERSION "2.0.1"
| #define PACKAGE_STRING "PLFS 2.0.1"
| #define PACKAGE_BUGREPORT "plfs-devel@lists.sourceforge.net"
| #define PACKAGE_URL ""
| #define TAG_VERSION 2.0.1
| 
| #define DATA_VERSION 1.0
| 
| #define SVN_VERSION 522
| #define PACKAGE "plfs"
| #define VERSION "2.0.1"
| #define STDC_HEADERS 1
| #define HAVE_SYS_TYPES_H 1
| #define HAVE_SYS_STAT_H 1
| #define HAVE_STDLIB_H 1
| #define HAVE_STRING_H 1
| #define HAVE_MEMORY_H 1
| #define HAVE_STRINGS_H 1
| #define HAVE_INTTYPES_H 1
| #define HAVE_STDINT_H 1
| #define HAVE_UNISTD_H 1
| #define HAVE_DLFCN_H 1
| #define LT_OBJDIR ".libs/"
| #define HAVE_SYS_TYPES_H 1
| #define HAVE_SYS_STATVFS_H 1
| #define HAVE_FCNTL_H 1
| #define HAVE_UTIME_H 1
| #define HAVE_SYS_TIME_H 1
| #define HAVE_SYS_PARAM_H 1
| #define HAVE_SYS_MOUNT_H 1
| #define HAVE_GETHOSTNAME 1
| #define HAVE_GETTIMEOFDAY 1
| #define HAVE_MEMSET 1
| #define HAVE_MKDIR 1
| #define HAVE_MUNMAP 1
| #define HAVE_RMDIR 1
| #define HAVE_STRDUP 1
| #define HAVE_STRERROR 1
| #define HAVE_STRSTR 1
| #define HAVE_UTIME 1
| #define HAVE_ENDGRENT 1
| /* end confdefs.h.  */
| #include <stdio.h>
| #ifdef HAVE_SYS_TYPES_H
| # include <sys/types.h>
| #endif
| #ifdef HAVE_SYS_STAT_H
| # include <sys/stat.h>
| #endif
| #ifdef STDC_HEADERS
| # include <stdlib.h>
| # include <stddef.h>
| #else
| # ifdef HAVE_STDLIB_H
| #  include <stdlib.h>
| # endif
| #endif
| #ifdef HAVE_STRING_H
| # if !defined STDC_HEADERS && defined HAVE_MEMORY_H
| #  include <memory.h>
| # endif
| # include <string.h>
| #endif
| #ifdef HAVE_STRINGS_H
| # include <strings.h>
| #endif
| #ifdef HAVE_INTTYPES_H
| # include <inttypes.h>
| #endif
| #ifdef HAVE_STDINT_H
| # include <stdint.h>
| #endif
| #ifdef HAVE_UNISTD_H
| # include <unistd.h>
| #endif
| int
| main ()
| {
| static int test_array [1 - 2 * !(enum { N = 64 / 2 - 1 };
| 	     0 < (long long int) (((((long long int) 1 << N) << N) - 1) * 2 + 1))];
| test_array [0] = 0
| 
|   ;
|   return 0;
| }
configure:14981: gcc -c -g -O2  conftest.c >&5
conftest.c: In function 'main':
conftest.c:82: error: expected ')' before ';' token
conftest.c:83: error: expected expression before ']' token
configure:14981: $? = 1
configure: failed program was:
| /* confdefs.h */
| #define PACKAGE_NAME "PLFS"
| #define PACKAGE_TARNAME "plfs"
| #define PACKAGE_VERSION "2.0.1"
| #define PACKAGE_STRING "PLFS 2.0.1"
| #define PACKAGE_BUGREPORT "plfs-devel@lists.sourceforge.net"
| #define PACKAGE_URL ""
| #define TAG_VERSION 2.0.1
| 
| #define DATA_VERSION 1.0
| 
| #define SVN_VERSION 522
| #define PACKAGE "plfs"
| #define VERSION "2.0.1"
| #define STDC_HEADERS 1
| #define HAVE_SYS_TYPES_H 1
| #define HAVE_SYS_STAT_H 1
| #define HAVE_STDLIB_H 1
| #define HAVE_STRING_H 1
| #define HAVE_MEMORY_H 1
| #define HAVE_STRINGS_H 1
| #define HAVE_INTTYPES_H 1
| #define HAVE_STDINT_H 1
| #define HAVE_UNISTD_H 1
| #define HAVE_DLFCN_H 1
| #define LT_OBJDIR ".libs/"
| #define HAVE_SYS_TYPES_H 1
| #define HAVE_SYS_STATVFS_H 1
| #define HAVE_FCNTL_H 1
| #define HAVE_UTIME_H 1
| #define HAVE_SYS_TIME_H 1
| #define HAVE_SYS_PARAM_H 1
| #define HAVE_SYS_MOUNT_H 1
| #define HAVE_GETHOSTNAME 1
| #define HAVE_GETTIMEOFDAY 1
| #define HAVE_MEMSET 1
| #define HAVE_MKDIR 1
| #define HAVE_MUNMAP 1
| #define HAVE_RMDIR 1
| #define HAVE_STRDUP 1
| #define HAVE_STRERROR 1
| #define HAVE_STRSTR 1
| #define HAVE_UTIME 1
| #define HAVE_ENDGRENT 1
| /* end confdefs.h.  */
| #include <stdio.h>
| #ifdef HAVE_SYS_TYPES_H
| # include <sys/types.h>
| #endif
| #ifdef HAVE_SYS_STAT_H
| # include <sys/stat.h>
| #endif
| #ifdef STDC_HEADERS
| # include <stdlib.h>
| # include <stddef.h>
| #else
| # ifdef HAVE_STDLIB_H
| #  include <stdlib.h>
| # endif
| #endif
| #ifdef HAVE_STRING_H
| # if !defined STDC_HEADERS && defined HAVE_MEMORY_H
| #  include <memory.h>
| # endif
| # include <string.h>
| #endif
| #ifdef HAVE_STRINGS_H
| # include <strings.h>
| #endif
| #ifdef HAVE_INTTYPES_H
| # include <inttypes.h>
| #endif
| #ifdef HAVE_STDINT_H
| # include <stdint.h>
| #endif
| #ifdef HAVE_UNISTD_H
| # include <unistd.h>
| #endif
| int
| main ()
| {
| static int test_array [1 - 2 * !(enum { N = 64 / 2 - 1 };
| 	     0 < (short int) (((((short int) 1 << N) << N) - 1) * 2 + 1))];
| test_array [0] = 0
| 
|   ;
|   return 0;
| }
configure:14981: gcc -c -g -O2  conftest.c >&5
conftest.c: In function 'main':
conftest.c:82: error: expected ')' before ';' token
conftest.c:83: error: expected expression before ']' token
configure:14981: $? = 1
configure: failed program was:
| /* confdefs.h */
| #define PACKAGE_NAME "PLFS"
| #define PACKAGE_TARNAME "plfs"
| #define PACKAGE_VERSION "2.0.1"
| #define PACKAGE_STRING "PLFS 2.0.1"
| #define PACKAGE_BUGREPORT "plfs-devel@lists.sourceforge.net"
| #define PACKAGE_URL ""
| #define TAG_VERSION 2.0.1
| 
| #define DATA_VERSION 1.0
| 
| #define SVN_VERSION 522
| #define PACKAGE "plfs"
| #define VERSION "2.0.1"
| #define STDC_HEADERS 1
| #define HAVE_SYS_TYPES_H 1
| #define HAVE_SYS_STAT_H 1
| #define HAVE_STDLIB_H 1
| #define HAVE_STRING_H 1
| #define HAVE_MEMORY_H 1
| #define HAVE_STRINGS_H 1
| #define HAVE_INTTYPES_H 1
| #define HAVE_STDINT_H 1
| #define HAVE_UNISTD_H 1
| #define HAVE_DLFCN_H 1
| #define LT_OBJDIR ".libs/"
| #define HAVE_SYS_TYPES_H 1
| #define HAVE_SYS_STATVFS_H 1
| #define HAVE_FCNTL_H 1
| #define HAVE_UTIME_H 1
| #define HAVE_SYS_TIME_H 1
| #define HAVE_SYS_PARAM_H 1
| #define HAVE_SYS_MOUNT_H 1
| #define HAVE_GETHOSTNAME 1
| #define HAVE_GETTIMEOFDAY 1
| #define HAVE_MEMSET 1
| #define HAVE_MKDIR 1
| #define HAVE_MUNMAP 1
| #define HAVE_RMDIR 1
| #define HAVE_STRDUP 1
| #define HAVE_STRERROR 1
| #define HAVE_STRSTR 1
| #define HAVE_UTIME 1
| #define HAVE_ENDGRENT 1
| /* end confdefs.h.  */
| #include <stdio.h>
| #ifdef HAVE_SYS_TYPES_H
| # include <sys/types.h>
| #endif
| #ifdef HAVE_SYS_STAT_H
| # include <sys/stat.h>
| #endif
| #ifdef STDC_HEADERS
| # include <stdlib.h>
| # include <stddef.h>
| #else
| # ifdef HAVE_STDLIB_H
| #  include <stdlib.h>
| # endif
| #endif
| #ifdef HAVE_STRING_H
| # if !defined STDC_HEADERS && defined HAVE_MEMORY_H
| #  include <memory.h>
| # endif
| # include <string.h>
| #endif
| #ifdef HAVE_STRINGS_H
| # include <strings.h>
| #endif
| #ifdef HAVE_INTTYPES_H
| # include <inttypes.h>
| #endif
| #ifdef HAVE_STDINT_H
| # include <stdint.h>
| #endif
| #ifdef HAVE_UNISTD_H
| # include <unistd.h>
| #endif
| int
| main ()
| {
| static int test_array [1 - 2 * !(enum { N = 64 / 2 - 1 };
| 	     0 < (signed char) (((((signed char) 1 << N) << N) - 1) * 2 + 1))];
| test_array [0] = 0
| 
|   ;
|   return 0;
| }
configure:14981: result: no
configure:14992: checking for mode_t
configure:14992: gcc -c -g -O2  conftest.c >&5
configure:14992: $? = 0
configure:14992: gcc -c -g -O2  conftest.c >&5
conftest.c: In function 'main':
conftest.c:82: error: expected expression before ')' token
configure:14992: $? = 1
configure: failed program was:
| /* confdefs.h */
| #define PACKAGE_NAME "PLFS"
| #define PACKAGE_TARNAME "plfs"
| #define PACKAGE_VERSION "2.0.1"
| #define PACKAGE_STRING "PLFS 2.0.1"
| #define PACKAGE_BUGREPORT "plfs-devel@lists.sourceforge.net"
| #define PACKAGE_URL ""
| #define TAG_VERSION 2.0.1
| 
| #define DATA_VERSION 1.0
| 
| #define SVN_VERSION 522
| #define PACKAGE "plfs"
| #define VERSION "2.0.1"
| #define STDC_HEADERS 1
| #define HAVE_SYS_TYPES_H 1
| #define HAVE_SYS_STAT_H 1
| #define HAVE_STDLIB_H 1
| #define HAVE_STRING_H 1
| #define HAVE_MEMORY_H 1
| #define HAVE_STRINGS_H 1
| #define HAVE_INTTYPES_H 1
| #define HAVE_STDINT_H 1
| #define HAVE_UNISTD_H 1
| #define HAVE_DLFCN_H 1
| #define LT_OBJDIR ".libs/"
| #define HAVE_SYS_TYPES_H 1
| #define HAVE_SYS_STATVFS_H 1
| #define HAVE_FCNTL_H 1
| #define HAVE_UTIME_H 1
| #define HAVE_SYS_TIME_H 1
| #define HAVE_SYS_PARAM_H 1
| #define HAVE_SYS_MOUNT_H 1
| #define HAVE_GETHOSTNAME 1
| #define HAVE_GETTIMEOFDAY 1
| #define HAVE_MEMSET 1
| #define HAVE_MKDIR 1
| #define HAVE_MUNMAP 1
| #define HAVE_RMDIR 1
| #define HAVE_STRDUP 1
| #define HAVE_STRERROR 1
| #define HAVE_STRSTR 1
| #define HAVE_UTIME 1
| #define HAVE_ENDGRENT 1
| /* end confdefs.h.  */
| #include <stdio.h>
| #ifdef HAVE_SYS_TYPES_H
| # include <sys/types.h>
| #endif
| #ifdef HAVE_SYS_STAT_H
| # include <sys/stat.h>
| #endif
| #ifdef STDC_HEADERS
| # include <stdlib.h>
| # include <stddef.h>
| #else
| # ifdef HAVE_STDLIB_H
| #  include <stdlib.h>
| # endif
| #endif
| #ifdef HAVE_STRING_H
| # if !defined STDC_HEADERS && defined HAVE_MEMORY_H
| #  include <memory.h>
| # endif
| # include <string.h>
| #endif
| #ifdef HAVE_STRINGS_H
| # include <strings.h>
| #endif
| #ifdef HAVE_INTTYPES_H
| # include <inttypes.h>
| #endif
| #ifdef HAVE_STDINT_H
| # include <stdint.h>
| #endif
| #ifdef HAVE_UNISTD_H
| # include <unistd.h>
| #endif
| int
| main ()
| {
| if (sizeof ((mode_t)))
| 	    return 0;
|   ;
|   return 0;
| }
configure:14992: result: yes
configure:15003: checking for off_t
configure:15003: gcc -c -g -O2  conftest.c >&5
configure:15003: $? = 0
configure:15003: gcc -c -g -O2  conftest.c >&5
conftest.c: In function 'main':
conftest.c:82: error: expected expression before ')' token
configure:15003: $? = 1
configure: failed program was:
| /* confdefs.h */
| #define PACKAGE_NAME "PLFS"
| #define PACKAGE_TARNAME "plfs"
| #define PACKAGE_VERSION "2.0.1"
| #define PACKAGE_STRING "PLFS 2.0.1"
| #define PACKAGE_BUGREPORT "plfs-devel@lists.sourceforge.net"
| #define PACKAGE_URL ""
| #define TAG_VERSION 2.0.1
| 
| #define DATA_VERSION 1.0
| 
| #define SVN_VERSION 522
| #define PACKAGE "plfs"
| #define VERSION "2.0.1"
| #define STDC_HEADERS 1
| #define HAVE_SYS_TYPES_H 1
| #define HAVE_SYS_STAT_H 1
| #define HAVE_STDLIB_H 1
| #define HAVE_STRING_H 1
| #define HAVE_MEMORY_H 1
| #define HAVE_STRINGS_H 1
| #define HAVE_INTTYPES_H 1
| #define HAVE_STDINT_H 1
| #define HAVE_UNISTD_H 1
| #define HAVE_DLFCN_H 1
| #define LT_OBJDIR ".libs/"
| #define HAVE_SYS_TYPES_H 1
| #define HAVE_SYS_STATVFS_H 1
| #define HAVE_FCNTL_H 1
| #define HAVE_UTIME_H 1
| #define HAVE_SYS_TIME_H 1
| #define HAVE_SYS_PARAM_H 1
| #define HAVE_SYS_MOUNT_H 1
| #define HAVE_GETHOSTNAME 1
| #define HAVE_GETTIMEOFDAY 1
| #define HAVE_MEMSET 1
| #define HAVE_MKDIR 1
| #define HAVE_MUNMAP 1
| #define HAVE_RMDIR 1
| #define HAVE_STRDUP 1
| #define HAVE_STRERROR 1
| #define HAVE_STRSTR 1
| #define HAVE_UTIME 1
| #define HAVE_ENDGRENT 1
| /* end confdefs.h.  */
| #include <stdio.h>
| #ifdef HAVE_SYS_TYPES_H
| # include <sys/types.h>
| #endif
| #ifdef HAVE_SYS_STAT_H
| # include <sys/stat.h>
| #endif
| #ifdef STDC_HEADERS
| # include <stdlib.h>
| # include <stddef.h>
| #else
| # ifdef HAVE_STDLIB_H
| #  include <stdlib.h>
| # endif
| #endif
| #ifdef HAVE_STRING_H
| # if !defined STDC_HEADERS && defined HAVE_MEMORY_H
| #  include <memory.h>
| # endif
| # include <string.h>
| #endif
| #ifdef HAVE_STRINGS_H
| # include <strings.h>
| #endif
| #ifdef HAVE_INTTYPES_H
| # include <inttypes.h>
| #endif
| #ifdef HAVE_STDINT_H
| # include <stdint.h>
| #endif
| #ifdef HAVE_UNISTD_H
| # include <unistd.h>
| #endif
| int
| main ()
| {
| if (sizeof ((off_t)))
| 	    return 0;
|   ;
|   return 0;
| }
configure:15003: result: yes
configure:15014: checking for pid_t
configure:15014: gcc -c -g -O2  conftest.c >&5
configure:15014: $? = 0
configure:15014: gcc -c -g -O2  conftest.c >&5
conftest.c: In function 'main':
conftest.c:82: error: expected expression before ')' token
configure:15014: $? = 1
configure: failed program was:
| /* confdefs.h */
| #define PACKAGE_NAME "PLFS"
| #define PACKAGE_TARNAME "plfs"
| #define PACKAGE_VERSION "2.0.1"
| #define PACKAGE_STRING "PLFS 2.0.1"
| #define PACKAGE_BUGREPORT "plfs-devel@lists.sourceforge.net"
| #define PACKAGE_URL ""
| #define TAG_VERSION 2.0.1
| 
| #define DATA_VERSION 1.0
| 
| #define SVN_VERSION 522
| #define PACKAGE "plfs"
| #define VERSION "2.0.1"
| #define STDC_HEADERS 1
| #define HAVE_SYS_TYPES_H 1
| #define HAVE_SYS_STAT_H 1
| #define HAVE_STDLIB_H 1
| #define HAVE_STRING_H 1
| #define HAVE_MEMORY_H 1
| #define HAVE_STRINGS_H 1
| #define HAVE_INTTYPES_H 1
| #define HAVE_STDINT_H 1
| #define HAVE_UNISTD_H 1
| #define HAVE_DLFCN_H 1
| #define LT_OBJDIR ".libs/"
| #define HAVE_SYS_TYPES_H 1
| #define HAVE_SYS_STATVFS_H 1
| #define HAVE_FCNTL_H 1
| #define HAVE_UTIME_H 1
| #define HAVE_SYS_TIME_H 1
| #define HAVE_SYS_PARAM_H 1
| #define HAVE_SYS_MOUNT_H 1
| #define HAVE_GETHOSTNAME 1
| #define HAVE_GETTIMEOFDAY 1
| #define HAVE_MEMSET 1
| #define HAVE_MKDIR 1
| #define HAVE_MUNMAP 1
| #define HAVE_RMDIR 1
| #define HAVE_STRDUP 1
| #define HAVE_STRERROR 1
| #define HAVE_STRSTR 1
| #define HAVE_UTIME 1
| #define HAVE_ENDGRENT 1
| /* end confdefs.h.  */
| #include <stdio.h>
| #ifdef HAVE_SYS_TYPES_H
| # include <sys/types.h>
| #endif
| #ifdef HAVE_SYS_STAT_H
| # include <sys/stat.h>
| #endif
| #ifdef STDC_HEADERS
| # include <stdlib.h>
| # include <stddef.h>
| #else
| # ifdef HAVE_STDLIB_H
| #  include <stdlib.h>
| # endif
| #endif
| #ifdef HAVE_STRING_H
| # if !defined STDC_HEADERS && defined HAVE_MEMORY_H
| #  include <memory.h>
| # endif
| # include <string.h>
| #endif
| #ifdef HAVE_STRINGS_H
| # include <strings.h>
| #endif
| #ifdef HAVE_INTTYPES_H
| # include <inttypes.h>
| #endif
| #ifdef HAVE_STDINT_H
| # include <stdint.h>
| #endif
| #ifdef HAVE_UNISTD_H
| # include <unistd.h>
| #endif
| int
| main ()
| {
| if (sizeof ((pid_t)))
| 	    return 0;
|   ;
|   return 0;
| }
configure:15014: result: yes
configure:15025: checking for size_t
configure:15025: gcc -c -g -O2  conftest.c >&5
configure:15025: $? = 0
configure:15025: gcc -c -g -O2  conftest.c >&5
conftest.c: In function 'main':
conftest.c:82: error: expected expression before ')' token
configure:15025: $? = 1
configure: failed program was:
| /* confdefs.h */
| #define PACKAGE_NAME "PLFS"
| #define PACKAGE_TARNAME "plfs"
| #define PACKAGE_VERSION "2.0.1"
| #define PACKAGE_STRING "PLFS 2.0.1"
| #define PACKAGE_BUGREPORT "plfs-devel@lists.sourceforge.net"
| #define PACKAGE_URL ""
| #define TAG_VERSION 2.0.1
| 
| #define DATA_VERSION 1.0
| 
| #define SVN_VERSION 522
| #define PACKAGE "plfs"
| #define VERSION "2.0.1"
| #define STDC_HEADERS 1
| #define HAVE_SYS_TYPES_H 1
| #define HAVE_SYS_STAT_H 1
| #define HAVE_STDLIB_H 1
| #define HAVE_STRING_H 1
| #define HAVE_MEMORY_H 1
| #define HAVE_STRINGS_H 1
| #define HAVE_INTTYPES_H 1
| #define HAVE_STDINT_H 1
| #define HAVE_UNISTD_H 1
| #define HAVE_DLFCN_H 1
| #define LT_OBJDIR ".libs/"
| #define HAVE_SYS_TYPES_H 1
| #define HAVE_SYS_STATVFS_H 1
| #define HAVE_FCNTL_H 1
| #define HAVE_UTIME_H 1
| #define HAVE_SYS_TIME_H 1
| #define HAVE_SYS_PARAM_H 1
| #define HAVE_SYS_MOUNT_H 1
| #define HAVE_GETHOSTNAME 1
| #define HAVE_GETTIMEOFDAY 1
| #define HAVE_MEMSET 1
| #define HAVE_MKDIR 1
| #define HAVE_MUNMAP 1
| #define HAVE_RMDIR 1
| #define HAVE_STRDUP 1
| #define HAVE_STRERROR 1
| #define HAVE_STRSTR 1
| #define HAVE_UTIME 1
| #define HAVE_ENDGRENT 1
| /* end confdefs.h.  */
| #include <stdio.h>
| #ifdef HAVE_SYS_TYPES_H
| # include <sys/types.h>
| #endif
| #ifdef HAVE_SYS_STAT_H
| # include <sys/stat.h>
| #endif
| #ifdef STDC_HEADERS
| # include <stdlib.h>
| # include <stddef.h>
| #else
| # ifdef HAVE_STDLIB_H
| #  include <stdlib.h>
| # endif
| #endif
| #ifdef HAVE_STRING_H
| # if !defined STDC_HEADERS && defined HAVE_MEMORY_H
| #  include <memory.h>
| # endif
| # include <string.h>
| #endif
| #ifdef HAVE_STRINGS_H
| # include <strings.h>
| #endif
| #ifdef HAVE_INTTYPES_H
| # include <inttypes.h>
| #endif
| #ifdef HAVE_STDINT_H
| # include <stdint.h>
| #endif
| #ifdef HAVE_UNISTD_H
| # include <unistd.h>
| #endif
| int
| main ()
| {
| if (sizeof ((size_t)))
| 	    return 0;
|   ;
|   return 0;
| }
configure:15025: result: yes
configure:15036: checking for ssize_t
configure:15036: gcc -c -g -O2  conftest.c >&5
configure:15036: $? = 0
configure:15036: gcc -c -g -O2  conftest.c >&5
conftest.c: In function 'main':
conftest.c:82: error: expected expression before ')' token
configure:15036: $? = 1
configure: failed program was:
| /* confdefs.h */
| #define PACKAGE_NAME "PLFS"
| #define PACKAGE_TARNAME "plfs"
| #define PACKAGE_VERSION "2.0.1"
| #define PACKAGE_STRING "PLFS 2.0.1"
| #define PACKAGE_BUGREPORT "plfs-devel@lists.sourceforge.net"
| #define PACKAGE_URL ""
| #define TAG_VERSION 2.0.1
| 
| #define DATA_VERSION 1.0
| 
| #define SVN_VERSION 522
| #define PACKAGE "plfs"
| #define VERSION "2.0.1"
| #define STDC_HEADERS 1
| #define HAVE_SYS_TYPES_H 1
| #define HAVE_SYS_STAT_H 1
| #define HAVE_STDLIB_H 1
| #define HAVE_STRING_H 1
| #define HAVE_MEMORY_H 1
| #define HAVE_STRINGS_H 1
| #define HAVE_INTTYPES_H 1
| #define HAVE_STDINT_H 1
| #define HAVE_UNISTD_H 1
| #define HAVE_DLFCN_H 1
| #define LT_OBJDIR ".libs/"
| #define HAVE_SYS_TYPES_H 1
| #define HAVE_SYS_STATVFS_H 1
| #define HAVE_FCNTL_H 1
| #define HAVE_UTIME_H 1
| #define HAVE_SYS_TIME_H 1
| #define HAVE_SYS_PARAM_H 1
| #define HAVE_SYS_MOUNT_H 1
| #define HAVE_GETHOSTNAME 1
| #define HAVE_GETTIMEOFDAY 1
| #define HAVE_MEMSET 1
| #define HAVE_MKDIR 1
| #define HAVE_MUNMAP 1
| #define HAVE_RMDIR 1
| #define HAVE_STRDUP 1
| #define HAVE_STRERROR 1
| #define HAVE_STRSTR 1
| #define HAVE_UTIME 1
| #define HAVE_ENDGRENT 1
| /* end confdefs.h.  */
| #include <stdio.h>
| #ifdef HAVE_SYS_TYPES_H
| # include <sys/types.h>
| #endif
| #ifdef HAVE_SYS_STAT_H
| # include <sys/stat.h>
| #endif
| #ifdef STDC_HEADERS
| # include <stdlib.h>
| # include <stddef.h>
| #else
| # ifdef HAVE_STDLIB_H
| #  include <stdlib.h>
| # endif
| #endif
| #ifdef HAVE_STRING_H
| # if !defined STDC_HEADERS && defined HAVE_MEMORY_H
| #  include <memory.h>
| # endif
| # include <string.h>
| #endif
| #ifdef HAVE_STRINGS_H
| # include <strings.h>
| #endif
| #ifdef HAVE_INTTYPES_H
| # include <inttypes.h>
| #endif
| #ifdef HAVE_STDINT_H
| # include <stdint.h>
| #endif
| #ifdef HAVE_UNISTD_H
| # include <unistd.h>
| #endif
| int
| main ()
| {
| if (sizeof ((ssize_t)))
| 	    return 0;
|   ;
|   return 0;
| }
configure:15036: result: yes
configure:15047: checking for uid_t in sys/types.h
configure:15066: result: yes
configure:15077: checking for uint64_t
configure:15077: gcc -c -g -O2  conftest.c >&5
configure:15077: $? = 0
configure:15077: result: yes
configure:15212: checking whether pthreads work with -pthread
configure:15300: gcc -o conftest -g -O2 -pthread   conftest.c   >&5
configure:15300: $? = 0
configure:15309: result: yes
configure:15328: checking for joinable pthread attribute
configure:15343: gcc -o conftest -g -O2 -pthread   conftest.c   >&5
configure:15343: $? = 0
configure:15349: result: PTHREAD_CREATE_JOINABLE
configure:15359: checking if more special flags are required for pthreads
configure:15366: result: -D_THREAD_SAFE
configure:15450: checking for stdlib.h
configure:15450: result: yes
configure:15460: checking for GNU libc compatible malloc
configure:15484: gcc -o conftest -g -O2   conftest.c  >&5
configure:15484: $? = 0
configure:15484: ./conftest
configure:15484: $? = 0
configure:15494: result: yes
configure:15521: checking for stdlib.h
configure:15521: result: yes
configure:15521: checking for unistd.h
configure:15521: result: yes
configure:15521: checking for sys/param.h
configure:15521: result: yes
configure:15542: checking for getpagesize
configure:15542: gcc -o conftest -g -O2   conftest.c  >&5
configure:15542: $? = 0
configure:15542: result: yes
configure:15551: checking for working mmap
configure:15697: gcc -o conftest -g -O2   conftest.c  >&5
configure:15697: $? = 0
configure:15697: ./conftest
configure:15697: $? = 0
configure:15707: result: yes
configure:15716: checking for struct stat.st_blocks
configure:15716: gcc -c -g -O2  conftest.c >&5
configure:15716: $? = 0
configure:15716: result: yes
configure:15736: checking for stdbool.h that conforms to C99
configure:15821: gcc -c -g -O2  conftest.c >&5
conftest.c:111: error: initializer element is not constant
configure:15821: $? = 1
configure: failed program was:
| /* confdefs.h */
| #define PACKAGE_NAME "PLFS"
| #define PACKAGE_TARNAME "plfs"
| #define PACKAGE_VERSION "2.0.1"
| #define PACKAGE_STRING "PLFS 2.0.1"
| #define PACKAGE_BUGREPORT "plfs-devel@lists.sourceforge.net"
| #define PACKAGE_URL ""
| #define TAG_VERSION 2.0.1
| 
| #define DATA_VERSION 1.0
| 
| #define SVN_VERSION 522
| #define PACKAGE "plfs"
| #define VERSION "2.0.1"
| #define STDC_HEADERS 1
| #define HAVE_SYS_TYPES_H 1
| #define HAVE_SYS_STAT_H 1
| #define HAVE_STDLIB_H 1
| #define HAVE_STRING_H 1
| #define HAVE_MEMORY_H 1
| #define HAVE_STRINGS_H 1
| #define HAVE_INTTYPES_H 1
| #define HAVE_STDINT_H 1
| #define HAVE_UNISTD_H 1
| #define HAVE_DLFCN_H 1
| #define LT_OBJDIR ".libs/"
| #define HAVE_SYS_TYPES_H 1
| #define HAVE_SYS_STATVFS_H 1
| #define HAVE_FCNTL_H 1
| #define HAVE_UTIME_H 1
| #define HAVE_SYS_TIME_H 1
| #define HAVE_SYS_PARAM_H 1
| #define HAVE_SYS_MOUNT_H 1
| #define HAVE_GETHOSTNAME 1
| #define HAVE_GETTIMEOFDAY 1
| #define HAVE_MEMSET 1
| #define HAVE_MKDIR 1
| #define HAVE_MUNMAP 1
| #define HAVE_RMDIR 1
| #define HAVE_STRDUP 1
| #define HAVE_STRERROR 1
| #define HAVE_STRSTR 1
| #define HAVE_UTIME 1
| #define HAVE_ENDGRENT 1
| #define HAVE_PTHREAD 1
| #define HAVE_STDLIB_H 1
| #define HAVE_MALLOC 1
| #define HAVE_STDLIB_H 1
| #define HAVE_UNISTD_H 1
| #define HAVE_SYS_PARAM_H 1
| #define HAVE_GETPAGESIZE 1
| #define HAVE_MMAP 1
| #define HAVE_STRUCT_STAT_ST_BLOCKS 1
| #define HAVE_ST_BLOCKS 1
| /* end confdefs.h.  */
| 
| #include <stdbool.h>
| #ifndef bool
|  "error: bool is not defined"
| #endif
| #ifndef false
|  "error: false is not defined"
| #endif
| #if false
|  "error: false is not 0"
| #endif
| #ifndef true
|  "error: true is not defined"
| #endif
| #if true != 1
|  "error: true is not 1"
| #endif
| #ifndef __bool_true_false_are_defined
|  "error: __bool_true_false_are_defined is not defined"
| #endif
| 
| 	struct s { _Bool s: 1; _Bool t; } s;
| 
| 	char a[true == 1 ? 1 : -1];
| 	char b[false == 0 ? 1 : -1];
| 	char c[__bool_true_false_are_defined == 1 ? 1 : -1];
| 	char d[(bool) 0.5 == true ? 1 : -1];
| 	bool e = &s;
| 	char f[(_Bool) 0.0 == false ? 1 : -1];
| 	char g[true];
| 	char h[sizeof (_Bool)];
| 	char i[sizeof s.t];
| 	enum { j = false, k = true, l = false * true, m = true * 256 };
| 	/* The following fails for
| 	   HP aC++/ANSI C B3910B A.05.55 [Dec 04 2003]. */
| 	_Bool n[m];
| 	char o[sizeof n == m * sizeof n[0] ? 1 : -1];
| 	char p[-1 - (_Bool) 0 < 0 && -1 - (bool) 0 < 0 ? 1 : -1];
| #	if defined __xlc__ || defined __GNUC__
| 	 /* Catch a bug in IBM AIX xlc compiler version 6.0.0.0
| 	    reported by James Lemley on 2005-10-05; see
| 	    http://lists.gnu.org/archive/html/bug-coreutils/2005-10/msg00086.html
| 	    This test is not quite right, since xlc is allowed to
| 	    reject this program, as the initializer for xlcbug is
| 	    not one of the forms that C requires support for.
| 	    However, doing the test right would require a runtime
| 	    test, and that would make cross-compilation harder.
| 	    Let us hope that IBM fixes the xlc bug, and also adds
| 	    support for this kind of constant expression.  In the
| 	    meantime, this test will reject xlc, which is OK, since
| 	    our stdbool.h substitute should suffice.  We also test
| 	    this with GCC, where it should work, to detect more
| 	    quickly whether someone messes up the test in the
| 	    future.  */
| 	 char digs[] = "0123456789";
| 	 int xlcbug = 1 / (&(digs + 5)[-2 + (bool) 1] == &digs[4] ? 1 : -1);
| #	endif
| 	/* Catch a bug in an HP-UX C compiler.  See
| 	   http://gcc.gnu.org/ml/gcc-patches/2003-12/msg02303.html
| 	   http://lists.gnu.org/archive/html/bug-coreutils/2005-11/msg00161.html
| 	 */
| 	_Bool q = true;
| 	_Bool *pq = &q;
| 
| int
| main ()
| {
| 
| 	*pq |= q;
| 	*pq |= ! q;
| 	/* Refer to every declared value, to avoid compiler optimizations.  */
| 	return (!a + !b + !c + !d + !e + !f + !g + !h + !i + !!j + !k + !!l
| 		+ !m + !n + !o + !p + !q + !pq);
| 
|   ;
|   return 0;
| }
configure:15828: result: no
configure:15830: checking for _Bool
configure:15830: gcc -c -g -O2  conftest.c >&5
configure:15830: $? = 0
configure:15830: gcc -c -g -O2  conftest.c >&5
conftest.c: In function 'main':
conftest.c:92: error: expected expression before ')' token
configure:15830: $? = 1
configure: failed program was:
| /* confdefs.h */
| #define PACKAGE_NAME "PLFS"
| #define PACKAGE_TARNAME "plfs"
| #define PACKAGE_VERSION "2.0.1"
| #define PACKAGE_STRING "PLFS 2.0.1"
| #define PACKAGE_BUGREPORT "plfs-devel@lists.sourceforge.net"
| #define PACKAGE_URL ""
| #define TAG_VERSION 2.0.1
| 
| #define DATA_VERSION 1.0
| 
| #define SVN_VERSION 522
| #define PACKAGE "plfs"
| #define VERSION "2.0.1"
| #define STDC_HEADERS 1
| #define HAVE_SYS_TYPES_H 1
| #define HAVE_SYS_STAT_H 1
| #define HAVE_STDLIB_H 1
| #define HAVE_STRING_H 1
| #define HAVE_MEMORY_H 1
| #define HAVE_STRINGS_H 1
| #define HAVE_INTTYPES_H 1
| #define HAVE_STDINT_H 1
| #define HAVE_UNISTD_H 1
| #define HAVE_DLFCN_H 1
| #define LT_OBJDIR ".libs/"
| #define HAVE_SYS_TYPES_H 1
| #define HAVE_SYS_STATVFS_H 1
| #define HAVE_FCNTL_H 1
| #define HAVE_UTIME_H 1
| #define HAVE_SYS_TIME_H 1
| #define HAVE_SYS_PARAM_H 1
| #define HAVE_SYS_MOUNT_H 1
| #define HAVE_GETHOSTNAME 1
| #define HAVE_GETTIMEOFDAY 1
| #define HAVE_MEMSET 1
| #define HAVE_MKDIR 1
| #define HAVE_MUNMAP 1
| #define HAVE_RMDIR 1
| #define HAVE_STRDUP 1
| #define HAVE_STRERROR 1
| #define HAVE_STRSTR 1
| #define HAVE_UTIME 1
| #define HAVE_ENDGRENT 1
| #define HAVE_PTHREAD 1
| #define HAVE_STDLIB_H 1
| #define HAVE_MALLOC 1
| #define HAVE_STDLIB_H 1
| #define HAVE_UNISTD_H 1
| #define HAVE_SYS_PARAM_H 1
| #define HAVE_GETPAGESIZE 1
| #define HAVE_MMAP 1
| #define HAVE_STRUCT_STAT_ST_BLOCKS 1
| #define HAVE_ST_BLOCKS 1
| /* end confdefs.h.  */
| #include <stdio.h>
| #ifdef HAVE_SYS_TYPES_H
| # include <sys/types.h>
| #endif
| #ifdef HAVE_SYS_STAT_H
| # include <sys/stat.h>
| #endif
| #ifdef STDC_HEADERS
| # include <stdlib.h>
| # include <stddef.h>
| #else
| # ifdef HAVE_STDLIB_H
| #  include <stdlib.h>
| # endif
| #endif
| #ifdef HAVE_STRING_H
| # if !defined STDC_HEADERS && defined HAVE_MEMORY_H
| #  include <memory.h>
| # endif
| # include <string.h>
| #endif
| #ifdef HAVE_STRINGS_H
| # include <strings.h>
| #endif
| #ifdef HAVE_INTTYPES_H
| # include <inttypes.h>
| #endif
| #ifdef HAVE_STDINT_H
| # include <stdint.h>
| #endif
| #ifdef HAVE_UNISTD_H
| # include <unistd.h>
| #endif
| int
| main ()
| {
| if (sizeof ((_Bool)))
| 	    return 0;
|   ;
|   return 0;
| }
configure:15830: result: yes
configure:15846: checking whether lstat correctly handles trailing slash
configure:15872: gcc -o conftest -g -O2   conftest.c  >&5
configure:15872: $? = 0
configure:15872: ./conftest
configure:15872: $? = 1
configure: program exited with status 1
configure: failed program was:
| /* confdefs.h */
| #define PACKAGE_NAME "PLFS"
| #define PACKAGE_TARNAME "plfs"
| #define PACKAGE_VERSION "2.0.1"
| #define PACKAGE_STRING "PLFS 2.0.1"
| #define PACKAGE_BUGREPORT "plfs-devel@lists.sourceforge.net"
| #define PACKAGE_URL ""
| #define TAG_VERSION 2.0.1
| 
| #define DATA_VERSION 1.0
| 
| #define SVN_VERSION 522
| #define PACKAGE "plfs"
| #define VERSION "2.0.1"
| #define STDC_HEADERS 1
| #define HAVE_SYS_TYPES_H 1
| #define HAVE_SYS_STAT_H 1
| #define HAVE_STDLIB_H 1
| #define HAVE_STRING_H 1
| #define HAVE_MEMORY_H 1
| #define HAVE_STRINGS_H 1
| #define HAVE_INTTYPES_H 1
| #define HAVE_STDINT_H 1
| #define HAVE_UNISTD_H 1
| #define HAVE_DLFCN_H 1
| #define LT_OBJDIR ".libs/"
| #define HAVE_SYS_TYPES_H 1
| #define HAVE_SYS_STATVFS_H 1
| #define HAVE_FCNTL_H 1
| #define HAVE_UTIME_H 1
| #define HAVE_SYS_TIME_H 1
| #define HAVE_SYS_PARAM_H 1
| #define HAVE_SYS_MOUNT_H 1
| #define HAVE_GETHOSTNAME 1
| #define HAVE_GETTIMEOFDAY 1
| #define HAVE_MEMSET 1
| #define HAVE_MKDIR 1
| #define HAVE_MUNMAP 1
| #define HAVE_RMDIR 1
| #define HAVE_STRDUP 1
| #define HAVE_STRERROR 1
| #define HAVE_STRSTR 1
| #define HAVE_UTIME 1
| #define HAVE_ENDGRENT 1
| #define HAVE_PTHREAD 1
| #define HAVE_STDLIB_H 1
| #define HAVE_MALLOC 1
| #define HAVE_STDLIB_H 1
| #define HAVE_UNISTD_H 1
| #define HAVE_SYS_PARAM_H 1
| #define HAVE_GETPAGESIZE 1
| #define HAVE_MMAP 1
| #define HAVE_STRUCT_STAT_ST_BLOCKS 1
| #define HAVE_ST_BLOCKS 1
| #define HAVE__BOOL 1
| /* end confdefs.h.  */
| #include <stdio.h>
| #ifdef HAVE_SYS_TYPES_H
| # include <sys/types.h>
| #endif
| #ifdef HAVE_SYS_STAT_H
| # include <sys/stat.h>
| #endif
| #ifdef STDC_HEADERS
| # include <stdlib.h>
| # include <stddef.h>
| #else
| # ifdef HAVE_STDLIB_H
| #  include <stdlib.h>
| # endif
| #endif
| #ifdef HAVE_STRING_H
| # if !defined STDC_HEADERS && defined HAVE_MEMORY_H
| #  include <memory.h>
| # endif
| # include <string.h>
| #endif
| #ifdef HAVE_STRINGS_H
| # include <strings.h>
| #endif
| #ifdef HAVE_INTTYPES_H
| # include <inttypes.h>
| #endif
| #ifdef HAVE_STDINT_H
| # include <stdint.h>
| #endif
| #ifdef HAVE_UNISTD_H
| # include <unistd.h>
| #endif
| int
| main ()
| {
| struct stat sbuf;
|      /* Linux will dereference the symlink and fail, as required by POSIX.
| 	That is better in the sense that it means we will not
| 	have to compile and use the lstat wrapper.  */
|      return lstat ("conftest.sym/", &sbuf) == 0;
|   ;
|   return 0;
| }
configure:15889: result: no
configure:15908: checking type of array argument to getgroups
configure:15942: gcc -o conftest -g -O2   conftest.c  >&5
configure:15942: $? = 0
configure:15942: ./conftest
configure:15942: $? = 0
configure:15967: result: gid_t
configure:15975: checking for getgroups
configure:15975: gcc -o conftest -g -O2   conftest.c  >&5
configure:15975: $? = 0
configure:15975: result: yes
configure:16030: checking for working getgroups
configure:16050: gcc -o conftest -g -O2   conftest.c  >&5
configure:16050: $? = 0
configure:16050: ./conftest
configure:16050: $? = 0
configure:16061: result: yes
configure:16075: checking for unistd.h
configure:16075: result: yes
configure:16085: checking for working chown
configure:16118: gcc -o conftest -g -O2   conftest.c  >&5
configure:16118: $? = 0
configure:16118: ./conftest
configure:16118: $? = 0
configure:16130: result: yes
configure:16138: checking for struct stat.st_blksize
configure:16138: gcc -c -g -O2  conftest.c >&5
configure:16138: $? = 0
configure:16138: result: yes
configure:16166: checking if want PLFS developer installation
configure:16178: result: no
configure:16191: checking if want all PLFS developer debug flags enabled
configure:16199: result: yes
configure:16215: checking if want PLFS developer debug flags enabled
configure:16227: result: no
configure:16251: checking if want PLFS FUSE support
configure:16263: result: yes
configure:16278: checking if want PLFS ADIO test support
configure:16290: result: no
configure:16392: checking for library containing fuse_main
configure:16423: gcc -o conftest -DPLFS_DEBUG_ON -DFUSE_COLLECT_TIMES -DUTIL_COLLECT_TIMES -DINDEX_CONTAINS_TIMESTAMPS -g -O2   conftest.c  >&5
Undefined symbols:
  "_fuse_main", referenced from:
      _main in ccEwh5T6.o
ld: symbol(s) not found
collect2: ld returned 1 exit status
configure:16423: $? = 1
configure: failed program was:
| /* confdefs.h */
| #define PACKAGE_NAME "PLFS"
| #define PACKAGE_TARNAME "plfs"
| #define PACKAGE_VERSION "2.0.1"
| #define PACKAGE_STRING "PLFS 2.0.1"
| #define PACKAGE_BUGREPORT "plfs-devel@lists.sourceforge.net"
| #define PACKAGE_URL ""
| #define TAG_VERSION 2.0.1
| 
| #define DATA_VERSION 1.0
| 
| #define SVN_VERSION 522
| #define PACKAGE "plfs"
| #define VERSION "2.0.1"
| #define STDC_HEADERS 1
| #define HAVE_SYS_TYPES_H 1
| #define HAVE_SYS_STAT_H 1
| #define HAVE_STDLIB_H 1
| #define HAVE_STRING_H 1
| #define HAVE_MEMORY_H 1
| #define HAVE_STRINGS_H 1
| #define HAVE_INTTYPES_H 1
| #define HAVE_STDINT_H 1
| #define HAVE_UNISTD_H 1
| #define HAVE_DLFCN_H 1
| #define LT_OBJDIR ".libs/"
| #define HAVE_SYS_TYPES_H 1
| #define HAVE_SYS_STATVFS_H 1
| #define HAVE_FCNTL_H 1
| #define HAVE_UTIME_H 1
| #define HAVE_SYS_TIME_H 1
| #define HAVE_SYS_PARAM_H 1
| #define HAVE_SYS_MOUNT_H 1
| #define HAVE_GETHOSTNAME 1
| #define HAVE_GETTIMEOFDAY 1
| #define HAVE_MEMSET 1
| #define HAVE_MKDIR 1
| #define HAVE_MUNMAP 1
| #define HAVE_RMDIR 1
| #define HAVE_STRDUP 1
| #define HAVE_STRERROR 1
| #define HAVE_STRSTR 1
| #define HAVE_UTIME 1
| #define HAVE_ENDGRENT 1
| #define HAVE_PTHREAD 1
| #define HAVE_STDLIB_H 1
| #define HAVE_MALLOC 1
| #define HAVE_STDLIB_H 1
| #define HAVE_UNISTD_H 1
| #define HAVE_SYS_PARAM_H 1
| #define HAVE_GETPAGESIZE 1
| #define HAVE_MMAP 1
| #define HAVE_STRUCT_STAT_ST_BLOCKS 1
| #define HAVE_ST_BLOCKS 1
| #define HAVE__BOOL 1
| #define GETGROUPS_T gid_t
| #define HAVE_GETGROUPS 1
| #define HAVE_UNISTD_H 1
| #define HAVE_CHOWN 1
| #define HAVE_STRUCT_STAT_ST_BLKSIZE 1
| /* end confdefs.h.  */
| 
| /* Override any GCC internal prototype to avoid an error.
|    Use char because int might match the return type of a GCC
|    builtin and then its argument prototype would still apply.  */
| #ifdef __cplusplus
| extern "C"
| #endif
| char fuse_main ();
| int
| main ()
| {
| return fuse_main ();
|   ;
|   return 0;
| }
configure:16423: gcc -o conftest -DPLFS_DEBUG_ON -DFUSE_COLLECT_TIMES -DUTIL_COLLECT_TIMES -DINDEX_CONTAINS_TIMESTAMPS -g -O2   conftest.c -lfuse   >&5
ld: library not found for -lfuse
collect2: ld returned 1 exit status
configure:16423: $? = 1
configure: failed program was:
| /* confdefs.h */
| #define PACKAGE_NAME "PLFS"
| #define PACKAGE_TARNAME "plfs"
| #define PACKAGE_VERSION "2.0.1"
| #define PACKAGE_STRING "PLFS 2.0.1"
| #define PACKAGE_BUGREPORT "plfs-devel@lists.sourceforge.net"
| #define PACKAGE_URL ""
| #define TAG_VERSION 2.0.1
| 
| #define DATA_VERSION 1.0
| 
| #define SVN_VERSION 522
| #define PACKAGE "plfs"
| #define VERSION "2.0.1"
| #define STDC_HEADERS 1
| #define HAVE_SYS_TYPES_H 1
| #define HAVE_SYS_STAT_H 1
| #define HAVE_STDLIB_H 1
| #define HAVE_STRING_H 1
| #define HAVE_MEMORY_H 1
| #define HAVE_STRINGS_H 1
| #define HAVE_INTTYPES_H 1
| #define HAVE_STDINT_H 1
| #define HAVE_UNISTD_H 1
| #define HAVE_DLFCN_H 1
| #define LT_OBJDIR ".libs/"
| #define HAVE_SYS_TYPES_H 1
| #define HAVE_SYS_STATVFS_H 1
| #define HAVE_FCNTL_H 1
| #define HAVE_UTIME_H 1
| #define HAVE_SYS_TIME_H 1
| #define HAVE_SYS_PARAM_H 1
| #define HAVE_SYS_MOUNT_H 1
| #define HAVE_GETHOSTNAME 1
| #define HAVE_GETTIMEOFDAY 1
| #define HAVE_MEMSET 1
| #define HAVE_MKDIR 1
| #define HAVE_MUNMAP 1
| #define HAVE_RMDIR 1
| #define HAVE_STRDUP 1
| #define HAVE_STRERROR 1
| #define HAVE_STRSTR 1
| #define HAVE_UTIME 1
| #define HAVE_ENDGRENT 1
| #define HAVE_PTHREAD 1
| #define HAVE_STDLIB_H 1
| #define HAVE_MALLOC 1
| #define HAVE_STDLIB_H 1
| #define HAVE_UNISTD_H 1
| #define HAVE_SYS_PARAM_H 1
| #define HAVE_GETPAGESIZE 1
| #define HAVE_MMAP 1
| #define HAVE_STRUCT_STAT_ST_BLOCKS 1
| #define HAVE_ST_BLOCKS 1
| #define HAVE__BOOL 1
| #define GETGROUPS_T gid_t
| #define HAVE_GETGROUPS 1
| #define HAVE_UNISTD_H 1
| #define HAVE_CHOWN 1
| #define HAVE_STRUCT_STAT_ST_BLKSIZE 1
| /* end confdefs.h.  */
| 
| /* Override any GCC internal prototype to avoid an error.
|    Use char because int might match the return type of a GCC
|    builtin and then its argument prototype would still apply.  */
| #ifdef __cplusplus
| extern "C"
| #endif
| char fuse_main ();
| int
| main ()
| {
| return fuse_main ();
|   ;
|   return 0;
| }
configure:16440: result: no
configure:16453: error: FUSE support requested but FUSE library not found... Cannot continue

## ---------------- ##
## Cache variables. ##
## ---------------- ##

ac_cv_build=x86_64-apple-darwin11.0.0
ac_cv_c_compiler_gnu=yes
ac_cv_c_int64_t=no
ac_cv_c_uint64_t=yes
ac_cv_cxx_compiler_gnu=yes
ac_cv_env_CCC_set=
ac_cv_env_CCC_value=
ac_cv_env_CC_set=
ac_cv_env_CC_value=
ac_cv_env_CFLAGS_set=
ac_cv_env_CFLAGS_value=
ac_cv_env_CPPFLAGS_set=
ac_cv_env_CPPFLAGS_value=
ac_cv_env_CPP_set=
ac_cv_env_CPP_value=
ac_cv_env_CXXCPP_set=
ac_cv_env_CXXCPP_value=
ac_cv_env_CXXFLAGS_set=
ac_cv_env_CXXFLAGS_value=
ac_cv_env_CXX_set=
ac_cv_env_CXX_value=
ac_cv_env_LDFLAGS_set=
ac_cv_env_LDFLAGS_value=
ac_cv_env_LIBS_set=
ac_cv_env_LIBS_value=
ac_cv_env_build_alias_set=
ac_cv_env_build_alias_value=
ac_cv_env_host_alias_set=
ac_cv_env_host_alias_value=
ac_cv_env_target_alias_set=
ac_cv_env_target_alias_value=
ac_cv_func_chown_works=yes
ac_cv_func_endgrent=yes
ac_cv_func_getgroups=yes
ac_cv_func_getgroups_works=yes
ac_cv_func_gethostname=yes
ac_cv_func_gethrtime=no
ac_cv_func_getpagesize=yes
ac_cv_func_gettimeofday=yes
ac_cv_func_lstat_dereferences_slashed_symlink=no
ac_cv_func_malloc_0_nonnull=yes
ac_cv_func_memset=yes
ac_cv_func_mkdir=yes
ac_cv_func_mmap_fixed_mapped=yes
ac_cv_func_munmap=yes
ac_cv_func_rmdir=yes
ac_cv_func_strdup=yes
ac_cv_func_strerror=yes
ac_cv_func_strstr=yes
ac_cv_func_utime=yes
ac_cv_header_dlfcn_h=yes
ac_cv_header_fcntl_h=yes
ac_cv_header_inttypes_h=yes
ac_cv_header_memory_h=yes
ac_cv_header_stdbool_h=no
ac_cv_header_stdc=yes
ac_cv_header_stdint_h=yes
ac_cv_header_stdlib_h=yes
ac_cv_header_string_h=yes
ac_cv_header_strings_h=yes
ac_cv_header_sys_fsuid_h=no
ac_cv_header_sys_mount_h=yes
ac_cv_header_sys_param_h=yes
ac_cv_header_sys_stat_h=yes
ac_cv_header_sys_statvfs_h=yes
ac_cv_header_sys_time_h=yes
ac_cv_header_sys_types_h=yes
ac_cv_header_unistd_h=yes
ac_cv_header_utime_h=yes
ac_cv_host=x86_64-apple-darwin11.0.0
ac_cv_member_struct_stat_st_blksize=yes
ac_cv_member_struct_stat_st_blocks=yes
ac_cv_objext=o
ac_cv_path_EGREP='/usr/bin/grep -E'
ac_cv_path_FGREP='/usr/bin/grep -F'
ac_cv_path_GREP=/usr/bin/grep
ac_cv_path_PKGCONFIG=/opt/local/bin/pkg-config
ac_cv_path_SED=/usr/bin/sed
ac_cv_path_install='/usr/bin/install -c'
ac_cv_prog_AWK=awk
ac_cv_prog_CPP='gcc -E'
ac_cv_prog_CXXCPP='g++ -E'
ac_cv_prog_ac_ct_AR=ar
ac_cv_prog_ac_ct_CC=gcc
ac_cv_prog_ac_ct_CXX=g++
ac_cv_prog_ac_ct_DSYMUTIL=dsymutil
ac_cv_prog_ac_ct_LIPO=lipo
ac_cv_prog_ac_ct_NMEDIT=nmedit
ac_cv_prog_ac_ct_OTOOL=otool
ac_cv_prog_ac_ct_RANLIB=ranlib
ac_cv_prog_ac_ct_STRIP=strip
ac_cv_prog_cc_c89=
ac_cv_prog_cc_g=yes
ac_cv_prog_cc_gcc_c_o=yes
ac_cv_prog_cxx_g=yes
ac_cv_prog_make_make_set=yes
ac_cv_search_fuse_main=no
ac_cv_type__Bool=yes
ac_cv_type_getgroups=gid_t
ac_cv_type_mode_t=yes
ac_cv_type_off_t=yes
ac_cv_type_pid_t=yes
ac_cv_type_size_t=yes
ac_cv_type_ssize_t=yes
ac_cv_type_uid_t=yes
am_cv_CC_dependencies_compiler_type=gcc3
am_cv_CXX_dependencies_compiler_type=gcc3
lt_cv_apple_cc_single_mod=yes
lt_cv_deplibs_check_method=pass_all
lt_cv_file_magic_cmd='$MAGIC_CMD'
lt_cv_file_magic_test_file=
lt_cv_ld_exported_symbols_list=yes
lt_cv_ld_reload_flag=-r
lt_cv_nm_interface='BSD nm'
lt_cv_objdir=.libs
lt_cv_path_LD=/usr/llvm-gcc-4.2/libexec/gcc/i686-apple-darwin10/4.2.1/ld
lt_cv_path_LDCXX=/usr/llvm-gcc-4.2/libexec/gcc/i686-apple-darwin10/4.2.1/ld
lt_cv_path_NM=/usr/bin/nm
lt_cv_prog_compiler_c_o=yes
lt_cv_prog_compiler_c_o_CXX=yes
lt_cv_prog_compiler_pic_works=yes
lt_cv_prog_compiler_pic_works_CXX=yes
lt_cv_prog_compiler_rtti_exceptions=no
lt_cv_prog_compiler_static_works=no
lt_cv_prog_compiler_static_works_CXX=no
lt_cv_prog_gnu_ld=no
lt_cv_prog_gnu_ldcxx=no
lt_cv_sys_global_symbol_pipe='sed -n -e '\''s/^.*[	 ]\([BCDEGRST][BCDEGRST]*\)[	 ][	 ]*_\([_A-Za-z][_A-Za-z0-9]*\)$/\1 _\2 \2/p'\'''
lt_cv_sys_global_symbol_to_c_name_address='sed -n -e '\''s/^: \([^ ]*\) $/  {\"\1\", (void *) 0},/p'\'' -e '\''s/^[BCDEGRST]* \([^ ]*\) \([^ ]*\)$/  {"\2", (void *) \&\2},/p'\'''
lt_cv_sys_global_symbol_to_c_name_address_lib_prefix='sed -n -e '\''s/^: \([^ ]*\) $/  {\"\1\", (void *) 0},/p'\'' -e '\''s/^[BCDEGRST]* \([^ ]*\) \(lib[^ ]*\)$/  {"\2", (void *) \&\2},/p'\'' -e '\''s/^[BCDEGRST]* \([^ ]*\) \([^ ]*\)$/  {"lib\2", (void *) \&\2},/p'\'''
lt_cv_sys_global_symbol_to_cdecl='sed -n -e '\''s/^T .* \(.*\)$/extern int \1();/p'\'' -e '\''s/^[BCDEGRST]* .* \(.*\)$/extern char \1;/p'\'''
lt_cv_sys_max_cmd_len=196608

## ----------------- ##
## Output variables. ##
## ----------------- ##

ACLOCAL='${SHELL} /Users/kant_ys/Desktop/Internship/plfs-2.0.1/config/missing --run aclocal-1.11'
AMDEPBACKSLASH='\'
AMDEP_FALSE='#'
AMDEP_TRUE=''
AMTAR='${SHELL} /Users/kant_ys/Desktop/Internship/plfs-2.0.1/config/missing --run tar'
AM_BACKSLASH='\'
AM_DEFAULT_VERBOSITY='0'
AR='ar'
AUTOCONF='${SHELL} /Users/kant_ys/Desktop/Internship/plfs-2.0.1/config/missing --run autoconf'
AUTOHEADER='${SHELL} /Users/kant_ys/Desktop/Internship/plfs-2.0.1/config/missing --run autoheader'
AUTOMAKE='${SHELL} /Users/kant_ys/Desktop/Internship/plfs-2.0.1/config/missing --run automake-1.11'
AWK='awk'
CC='gcc'
CCDEPMODE='depmode=gcc3'
CFLAGS='-DPLFS_DEBUG_ON -DFUSE_COLLECT_TIMES -DUTIL_COLLECT_TIMES -DINDEX_CONTAINS_TIMESTAMPS -g -O2'
CPP='gcc -E'
CPPFLAGS=''
CXX='g++'
CXXCPP='g++ -E'
CXXDEPMODE='depmode=gcc3'
CXXFLAGS='-DPLFS_DEBUG_ON -DFUSE_COLLECT_TIMES -DUTIL_COLLECT_TIMES -DINDEX_CONTAINS_TIMESTAMPS -g -O2'
CYGPATH_W='echo'
DEFS=''
DEPDIR='.deps'
DSYMUTIL='dsymutil'
DUMPBIN=''
ECHO_C='\c'
ECHO_N=''
ECHO_T=''
EGREP='/usr/bin/grep -E'
EXEEXT=''
FGREP='/usr/bin/grep -F'
GREP='/usr/bin/grep'
INSTALL_DATA='${INSTALL} -m 644'
INSTALL_PROGRAM='${INSTALL}'
INSTALL_SCRIPT='${INSTALL}'
INSTALL_STRIP_PROGRAM='$(install_sh) -c -s'
LD='/usr/llvm-gcc-4.2/libexec/gcc/i686-apple-darwin10/4.2.1/ld'
LDFLAGS=''
LIBOBJS=' lstat.o'
LIBS=''
LIBTOOL='$(SHELL) $(top_builddir)/libtool'
LIPO='lipo'
LN_S='ln -s'
LTLIBOBJS=''
MAKEINFO='${SHELL} /Users/kant_ys/Desktop/Internship/plfs-2.0.1/config/missing --run makeinfo'
MKDIR_P='config/install-sh -c -d'
NM='/usr/bin/nm'
NMEDIT='nmedit'
OBJDUMP='false'
OBJEXT='o'
OTOOL64=':'
OTOOL='otool'
PACKAGE='plfs'
PACKAGE_BUGREPORT='plfs-devel@lists.sourceforge.net'
PACKAGE_NAME='PLFS'
PACKAGE_STRING='PLFS 2.0.1'
PACKAGE_TARNAME='plfs'
PACKAGE_URL=''
PACKAGE_VERSION='2.0.1'
PATH_SEPARATOR=':'
PKGCONFIG='/opt/local/bin/pkg-config'
PLFS_BUILD_ADIO_FALSE=''
PLFS_BUILD_ADIO_TRUE='#'
PLFS_BUILD_DEV_FALSE=''
PLFS_BUILD_DEV_TRUE='#'
PLFS_BUILD_FUSE_FALSE='#'
PLFS_BUILD_FUSE_TRUE=''
PLFS_DEBUG_CFLAGS=''
PLFS_DEBUG_CXXFLAGS=''
PLFS_FUSE_CFLAGS=''
PLFS_FUSE_CXXFLAGS=''
PLFS_FUSE_LDFLAGS=''
PLFS_FUSE_LIBS=''
PLFS_MPI_CFLAGS=''
PLFS_MPI_CXXFLAGS=''
PLFS_MPI_LDFLAGS=''
PLFS_MPI_LIBS=''
PLFS_ROMIO_CFLAGS=''
PLFS_ROMIO_CXXFLAGS=''
PTHREAD_CC='gcc'
PTHREAD_CFLAGS='-D_THREAD_SAFE -pthread'
PTHREAD_LIBS=''
RANLIB='ranlib'
SED='/usr/bin/sed'
SET_MAKE=''
SHELL='/bin/sh'
STRIP='strip'
VERSION='2.0.1'
ac_ct_CC='gcc'
ac_ct_CXX='g++'
ac_ct_DUMPBIN=''
am__EXEEXT_FALSE=''
am__EXEEXT_TRUE=''
am__fastdepCC_FALSE='#'
am__fastdepCC_TRUE=''
am__fastdepCXX_FALSE='#'
am__fastdepCXX_TRUE=''
am__include='include'
am__isrc=''
am__leading_dot='.'
am__quote=''
am__tar='${AMTAR} chof - "$$tardir"'
am__untar='${AMTAR} xf -'
ax_pthread_config=''
bindir='${exec_prefix}/bin'
build='x86_64-apple-darwin11.0.0'
build_alias=''
build_cpu='x86_64'
build_os='darwin11.0.0'
build_vendor='apple'
datadir='${datarootdir}'
datarootdir='${prefix}/share'
docdir='${datarootdir}/doc/${PACKAGE_TARNAME}'
dvidir='${docdir}'
exec_prefix='NONE'
host='x86_64-apple-darwin11.0.0'
host_alias=''
host_cpu='x86_64'
host_os='darwin11.0.0'
host_vendor='apple'
htmldir='${docdir}'
includedir='${prefix}/include'
infodir='${datarootdir}/info'
install_sh='${SHELL} /Users/kant_ys/Desktop/Internship/plfs-2.0.1/config/install-sh'
libdir='${exec_prefix}/lib'
libexecdir='${exec_prefix}/libexec'
localedir='${datarootdir}/locale'
localstatedir='${prefix}/var'
lt_ECHO='/bin/echo'
mandir='${datarootdir}/man'
mkdir_p='$(top_builddir)/config/install-sh -c -d'
oldincludedir='/usr/include'
pdfdir='${docdir}'
prefix='NONE'
program_transform_name='s,x,x,'
psdir='${docdir}'
sbindir='${exec_prefix}/sbin'
sharedstatedir='${prefix}/com'
sysconfdir='${prefix}/etc'
target_alias=''

## ----------- ##
## confdefs.h. ##
## ----------- ##

/* confdefs.h */
#define PACKAGE_NAME "PLFS"
#define PACKAGE_TARNAME "plfs"
#define PACKAGE_VERSION "2.0.1"
#define PACKAGE_STRING "PLFS 2.0.1"
#define PACKAGE_BUGREPORT "plfs-devel@lists.sourceforge.net"
#define PACKAGE_URL ""
#define TAG_VERSION 2.0.1

#define DATA_VERSION 1.0

#define SVN_VERSION 522
#define PACKAGE "plfs"
#define VERSION "2.0.1"
#define STDC_HEADERS 1
#define HAVE_SYS_TYPES_H 1
#define HAVE_SYS_STAT_H 1
#define HAVE_STDLIB_H 1
#define HAVE_STRING_H 1
#define HAVE_MEMORY_H 1
#define HAVE_STRINGS_H 1
#define HAVE_INTTYPES_H 1
#define HAVE_STDINT_H 1
#define HAVE_UNISTD_H 1
#define HAVE_DLFCN_H 1
#define LT_OBJDIR ".libs/"
#define HAVE_SYS_TYPES_H 1
#define HAVE_SYS_STATVFS_H 1
#define HAVE_FCNTL_H 1
#define HAVE_UTIME_H 1
#define HAVE_SYS_TIME_H 1
#define HAVE_SYS_PARAM_H 1
#define HAVE_SYS_MOUNT_H 1
#define HAVE_GETHOSTNAME 1
#define HAVE_GETTIMEOFDAY 1
#define HAVE_MEMSET 1
#define HAVE_MKDIR 1
#define HAVE_MUNMAP 1
#define HAVE_RMDIR 1
#define HAVE_STRDUP 1
#define HAVE_STRERROR 1
#define HAVE_STRSTR 1
#define HAVE_UTIME 1
#define HAVE_ENDGRENT 1
#define HAVE_PTHREAD 1
#define HAVE_STDLIB_H 1
#define HAVE_MALLOC 1
#define HAVE_STDLIB_H 1
#define HAVE_UNISTD_H 1
#define HAVE_SYS_PARAM_H 1
#define HAVE_GETPAGESIZE 1
#define HAVE_MMAP 1
#define HAVE_STRUCT_STAT_ST_BLOCKS 1
#define HAVE_ST_BLOCKS 1
#define HAVE__BOOL 1
#define GETGROUPS_T gid_t
#define HAVE_GETGROUPS 1
#define HAVE_UNISTD_H 1
#define HAVE_CHOWN 1
#define HAVE_STRUCT_STAT_ST_BLKSIZE 1

configure: exit 1
